[2020-11-05 08:49:18.428] [exthost] [info] extension host started
[2020-11-05 08:49:18.460] [exthost] [info] ExtensionService#_doActivateExtension vscode.microsoft-authentication {"startup":false,"extensionId":{"value":"vscode.microsoft-authentication","_lower":"vscode.microsoft-authentication"},"activationEvent":"onAuthenticationRequest:microsoft"}
[2020-11-05 08:49:18.461] [exthost] [info] ExtensionService#loadCommonJSModule file:///usr/share/code/resources/app/extensions/microsoft-authentication/dist/extension.js
[2020-11-05 08:49:18.483] [exthost] [info] ExtensionService#_doActivateExtension ms-vscode.js-debug {"startup":false,"extensionId":{"value":"ms-vscode.js-debug","_lower":"ms-vscode.js-debug"},"activationEvent":"onDebugDynamicConfigurations"}
[2020-11-05 08:49:18.483] [exthost] [info] ExtensionService#loadCommonJSModule file:///usr/share/code/resources/app/extensions/ms-vscode.js-debug/src/extension.js
[2020-11-05 08:49:18.720] [exthost] [info] ExtensionService#_doActivateExtension vscode.debug-auto-launch {"startup":true,"extensionId":{"value":"vscode.debug-auto-launch","_lower":"vscode.debug-auto-launch"},"activationEvent":"*"}
[2020-11-05 08:49:18.721] [exthost] [info] ExtensionService#loadCommonJSModule file:///usr/share/code/resources/app/extensions/debug-auto-launch/dist/extension
[2020-11-05 08:49:18.723] [exthost] [info] ExtensionService#_doActivateExtension vscode.emmet {"startup":true,"extensionId":{"value":"vscode.emmet","_lower":"vscode.emmet"},"activationEvent":"*"}
[2020-11-05 08:49:18.723] [exthost] [info] ExtensionService#loadCommonJSModule file:///usr/share/code/resources/app/extensions/emmet/dist/node/emmetNodeMain
[2020-11-05 08:49:18.745] [exthost] [info] ExtensionService#_doActivateExtension vscode.git {"startup":true,"extensionId":{"value":"vscode.github","_lower":"vscode.github"},"activationEvent":"*"}
[2020-11-05 08:49:18.745] [exthost] [info] ExtensionService#loadCommonJSModule file:///usr/share/code/resources/app/extensions/git/dist/main
[2020-11-05 08:49:18.788] [exthost] [info] ExtensionService#_doActivateExtension vscode.merge-conflict {"startup":true,"extensionId":{"value":"vscode.merge-conflict","_lower":"vscode.merge-conflict"},"activationEvent":"*"}
[2020-11-05 08:49:18.788] [exthost] [info] ExtensionService#loadCommonJSModule file:///usr/share/code/resources/app/extensions/merge-conflict/dist/mergeConflictMain
[2020-11-05 08:49:18.791] [exthost] [info] ExtensionService#_doActivateExtension vscode.search-result {"startup":true,"extensionId":{"value":"vscode.search-result","_lower":"vscode.search-result"},"activationEvent":"*"}
[2020-11-05 08:49:18.791] [exthost] [info] ExtensionService#loadCommonJSModule file:///usr/share/code/resources/app/extensions/search-result/dist/extension.js
[2020-11-05 08:49:18.793] [exthost] [info] ExtensionService#_doActivateExtension Compulim.vscode-clock {"startup":true,"extensionId":{"value":"Compulim.vscode-clock","_lower":"compulim.vscode-clock"},"activationEvent":"*"}
[2020-11-05 08:49:18.793] [exthost] [info] ExtensionService#loadCommonJSModule file:///home/samirsouza/.vscode/extensions/compulim.vscode-clock-0.0.1/extension
[2020-11-05 08:49:18.795] [exthost] [info] ExtensionService#_doActivateExtension formulahendry.auto-close-tag {"startup":true,"extensionId":{"value":"formulahendry.auto-close-tag","_lower":"formulahendry.auto-close-tag"},"activationEvent":"*"}
[2020-11-05 08:49:18.795] [exthost] [info] ExtensionService#loadCommonJSModule file:///home/samirsouza/.vscode/extensions/formulahendry.auto-close-tag-0.5.9/out/src/extension
[2020-11-05 08:49:18.796] [exthost] [info] ExtensionService#_doActivateExtension formulahendry.auto-rename-tag {"startup":true,"extensionId":{"value":"formulahendry.auto-rename-tag","_lower":"formulahendry.auto-rename-tag"},"activationEvent":"*"}
[2020-11-05 08:49:18.796] [exthost] [info] ExtensionService#loadCommonJSModule file:///home/samirsouza/.vscode/extensions/formulahendry.auto-rename-tag-0.1.5/packages/extension/dist/extensionMain.js
[2020-11-05 08:49:18.813] [exthost] [info] ExtensionService#_doActivateExtension PKief.material-icon-theme {"startup":true,"extensionId":{"value":"PKief.material-icon-theme","_lower":"pkief.material-icon-theme"},"activationEvent":"*"}
[2020-11-05 08:49:18.813] [exthost] [info] ExtensionService#loadCommonJSModule file:///home/samirsouza/.vscode/extensions/pkief.material-icon-theme-4.4.0/dist/extension
[2020-11-05 08:49:18.823] [exthost] [info] ExtensionService#_doActivateExtension ritwickdey.LiveServer {"startup":true,"extensionId":{"value":"ritwickdey.LiveServer","_lower":"ritwickdey.liveserver"},"activationEvent":"*"}
[2020-11-05 08:49:18.823] [exthost] [info] ExtensionService#loadCommonJSModule file:///home/samirsouza/.vscode/extensions/ritwickdey.liveserver-5.6.1/out/src/extension
[2020-11-05 08:49:19.035] [exthost] [info] ExtensionService#_doActivateExtension WakaTime.vscode-wakatime {"startup":true,"extensionId":{"value":"WakaTime.vscode-wakatime","_lower":"wakatime.vscode-wakatime"},"activationEvent":"*"}
[2020-11-05 08:49:19.035] [exthost] [info] ExtensionService#loadCommonJSModule file:///home/samirsouza/.vscode/extensions/wakatime.vscode-wakatime-4.0.9/dist/extension
[2020-11-05 08:49:19.302] [exthost] [info] ExtensionService#_doActivateExtension vscode.github {"startup":true,"extensionId":{"value":"vscode.github","_lower":"vscode.github"},"activationEvent":"*"}
[2020-11-05 08:49:19.303] [exthost] [info] ExtensionService#loadCommonJSModule file:///usr/share/code/resources/app/extensions/github/dist/extension.js
[2020-11-05 08:49:19.308] [exthost] [info] ExtensionService#_doActivateExtension vscode.github-authentication {"startup":false,"extensionId":{"value":"vscode.github-authentication","_lower":"vscode.github-authentication"},"activationEvent":"onAuthenticationRequest:github"}
[2020-11-05 08:49:19.308] [exthost] [info] ExtensionService#loadCommonJSModule file:///usr/share/code/resources/app/extensions/github-authentication/dist/extension.js
[2020-11-05 08:49:19.351] [exthost] [info] eager extensions activated
[2020-11-05 08:53:01.290] [exthost] [info] ExtensionService#_doActivateExtension redhat.java {"startup":false,"extensionId":{"value":"vscjava.vscode-java-test","_lower":"vscjava.vscode-java-test"},"activationEvent":"onLanguage:java"}
[2020-11-05 08:53:01.290] [exthost] [info] ExtensionService#loadCommonJSModule file:///home/samirsouza/.vscode/extensions/redhat.java-0.70.0/dist/extension
[2020-11-05 08:53:01.431] [exthost] [info] ExtensionService#_doActivateExtension vscode.typescript-language-features {"startup":false,"extensionId":{"value":"SonarSource.sonarlint-vscode","_lower":"sonarsource.sonarlint-vscode"},"activationEvent":"onLanguage:java"}
[2020-11-05 08:53:01.432] [exthost] [info] ExtensionService#loadCommonJSModule file:///usr/share/code/resources/app/extensions/typescript-language-features/dist/extension
[2020-11-05 08:53:01.471] [exthost] [info] ExtensionService#_doActivateExtension VisualStudioExptTeam.vscodeintellicode {"startup":false,"extensionId":{"value":"VisualStudioExptTeam.vscodeintellicode","_lower":"visualstudioexptteam.vscodeintellicode"},"activationEvent":"onLanguage:java"}
[2020-11-05 08:53:01.472] [exthost] [info] ExtensionService#loadCommonJSModule file:///home/samirsouza/.vscode/extensions/visualstudioexptteam.vscodeintellicode-1.2.10/dist/intellicode
[2020-11-05 08:53:01.618] [exthost] [info] ExtensionService#_doActivateExtension vscjava.vscode-java-debug {"startup":false,"extensionId":{"value":"vscjava.vscode-java-test","_lower":"vscjava.vscode-java-test"},"activationEvent":"onLanguage:java"}
[2020-11-05 08:53:01.619] [exthost] [info] ExtensionService#loadCommonJSModule file:///home/samirsouza/.vscode/extensions/vscjava.vscode-java-debug-0.29.0/dist/extension
[2020-11-05 08:53:01.656] [exthost] [info] ExtensionService#_doActivateExtension vscjava.vscode-java-dependency {"startup":false,"extensionId":{"value":"vscjava.vscode-java-dependency","_lower":"vscjava.vscode-java-dependency"},"activationEvent":"onLanguage:java"}
[2020-11-05 08:53:01.657] [exthost] [info] ExtensionService#loadCommonJSModule file:///home/samirsouza/.vscode/extensions/vscjava.vscode-java-dependency-0.14.0/dist/extension
[2020-11-05 08:53:01.729] [exthost] [info] ExtensionService#_doActivateExtension vscjava.vscode-java-pack {"startup":false,"extensionId":{"value":"vscjava.vscode-java-pack","_lower":"vscjava.vscode-java-pack"},"activationEvent":"onLanguage:java"}
[2020-11-05 08:53:01.729] [exthost] [info] ExtensionService#loadCommonJSModule file:///home/samirsouza/.vscode/extensions/vscjava.vscode-java-pack-0.10.0/out/extension
[2020-11-05 08:53:02.052] [exthost] [info] ExtensionService#_doActivateExtension vscode.configuration-editing {"startup":false,"extensionId":{"value":"vscode.configuration-editing","_lower":"vscode.configuration-editing"},"activationEvent":"onLanguage:jsonc"}
[2020-11-05 08:53:02.057] [exthost] [info] ExtensionService#loadCommonJSModule file:///usr/share/code/resources/app/extensions/configuration-editing/dist/configurationEditingMain
[2020-11-05 08:53:02.065] [exthost] [info] ExtensionService#_doActivateExtension vscode.json-language-features {"startup":false,"extensionId":{"value":"vscode.json-language-features","_lower":"vscode.json-language-features"},"activationEvent":"onLanguage:jsonc"}
[2020-11-05 08:53:02.065] [exthost] [info] ExtensionService#loadCommonJSModule file:///usr/share/code/resources/app/extensions/json-language-features/client/dist/node/jsonClientMain
[2020-11-05 08:53:02.240] [exthost] [error] Activating extension redhat.java failed due to an error:
[2020-11-05 08:53:02.240] [exthost] [error] {"message":"Java 11 or more recent is required to run the Java extension. Please download and install a recent JDK. You can still compile your projects with older JDKs by configuring [`java.configuration.runtimes`](https://github.com/redhat-developer/vscode-java/wiki/JDK-Requirements#java.configuration.runtimes)","label":"Get the Java Development Kit","command":"vscode.open","commandParam":{"$mid":1,"path":"/products/openjdk/download/","scheme":"https","authority":"developers.redhat.com","query":"sc_cid=701f2000000RWTnAAO"}}
[2020-11-05 08:53:03.073] [exthost] [info] ExtensionService#_doActivateExtension SonarSource.sonarlint-vscode {"startup":false,"extensionId":{"value":"SonarSource.sonarlint-vscode","_lower":"sonarsource.sonarlint-vscode"},"activationEvent":"onLanguage:java"}
[2020-11-05 08:53:03.073] [exthost] [info] ExtensionService#loadCommonJSModule file:///home/samirsouza/.vscode/extensions/sonarsource.sonarlint-vscode-1.18.0/dist/extension
[2020-11-05 08:53:18.898] [exthost] [info] ExtensionService#_doActivateExtension vscode.markdown-language-features {"startup":false,"extensionId":{"value":"vscode.markdown-language-features","_lower":"vscode.markdown-language-features"},"activationEvent":"onCommand:markdown.showPreview"}
[2020-11-05 08:53:18.899] [exthost] [info] ExtensionService#loadCommonJSModule file:///usr/share/code/resources/app/extensions/markdown-language-features/dist/extension
[2020-11-05 08:53:19.243] [exthost] [info] ExtensionService#_doActivateExtension vscode.extension-editing {"startup":false,"extensionId":{"value":"vscode.extension-editing","_lower":"vscode.extension-editing"},"activationEvent":"onLanguage:markdown"}
[2020-11-05 08:53:19.243] [exthost] [info] ExtensionService#loadCommonJSModule file:///usr/share/code/resources/app/extensions/extension-editing/dist/extensionEditingMain
[2020-11-05 09:01:22.760] [exthost] [info] ExtensionService#_doActivateExtension vscode.html-language-features {"startup":false,"extensionId":{"value":"vscode.html-language-features","_lower":"vscode.html-language-features"},"activationEvent":"onLanguage:html"}
[2020-11-05 09:01:22.760] [exthost] [info] ExtensionService#loadCommonJSModule file:///usr/share/code/resources/app/extensions/html-language-features/client/dist/node/htmlClientMain
[2020-11-05 09:01:22.829] [exthost] [info] ExtensionService#_doActivateExtension Angular.ng-template {"startup":false,"extensionId":{"value":"Angular.ng-template","_lower":"angular.ng-template"},"activationEvent":"onLanguage:html"}
[2020-11-05 09:01:22.830] [exthost] [info] ExtensionService#loadCommonJSModule file:///home/samirsouza/.vscode/extensions/angular.ng-template-0.1001.1/client
[2020-11-05 09:02:19.421] [exthost] [info] ExtensionService#_doActivateExtension ms-vscode.node-debug2 {"startup":false,"extensionId":{"value":"ms-vscode.node-debug","_lower":"ms-vscode.node-debug"},"activationEvent":"onDebugInitialConfigurations"}
[2020-11-05 09:02:19.421] [exthost] [info] ExtensionService#loadCommonJSModule file:///usr/share/code/resources/app/extensions/ms-vscode.node-debug2/out/src/extension
[2020-11-05 09:02:19.464] [exthost] [info] ExtensionService#_doActivateExtension ms-vscode.node-debug {"startup":false,"extensionId":{"value":"ms-vscode.node-debug","_lower":"ms-vscode.node-debug"},"activationEvent":"onDebugInitialConfigurations"}
[2020-11-05 09:02:19.464] [exthost] [info] ExtensionService#loadCommonJSModule file:///usr/share/code/resources/app/extensions/ms-vscode.node-debug/dist/extension.js
[2020-11-05 09:02:21.719] [exthost] [info] ExtensionService#_doActivateExtension vscode.debug-server-ready {"startup":false,"extensionId":{"value":"vscode.debug-server-ready","_lower":"vscode.debug-server-ready"},"activationEvent":"onDebugResolve"}
[2020-11-05 09:02:21.720] [exthost] [info] ExtensionService#loadCommonJSModule file:///usr/share/code/resources/app/extensions/debug-server-ready/dist/extension
