[Info  - 17:53:51.683] Analyzing file 'file:///opt/tomcat/webapps/teChegaPraLer/AdminLivros.jsp'...
[Info  - 17:53:56.185] Found 3 issue(s)
[Info  - 17:54:18.210] Analyzing file 'file:///opt/tomcat/webapps/teChegaPraLer/AdminLivros.jsp'...
[Info  - 17:54:18.307] Found 3 issue(s)
[Info  - 17:57:21.813] Analyzing file 'file:///opt/tomcat/webapps/teChegaPraLer/AdminLivros.jsp'...
[Info  - 17:57:21.843] Found 3 issue(s)
[Info  - 17:58:07.053] Analyzing file 'file:///opt/tomcat/webapps/teChegaPraLer/AdminHome.jsp'...
[Info  - 17:58:07.118] Found 2 issue(s)
[Info  - 18:00:25.410] Analyzing file 'file:///opt/tomcat/webapps/teChegaPraLer/AdminHome.jsp'...
[Info  - 18:00:25.456] Found 2 issue(s)
[Info  - 18:03:03.586] Analyzing file 'file:///opt/tomcat/webapps/teChegaPraLer/AdminLivros.jsp'...
[Info  - 18:03:03.639] Found 3 issue(s)
[Info  - 18:03:04.387] Analyzing file 'file:///opt/tomcat/webapps/teChegaPraLer/AdminLivros.jsp'...
[Info  - 18:03:04.509] Found 3 issue(s)
[Info  - 18:03:08.991] Analyzing file 'file:///opt/tomcat/webapps/teChegaPraLer/AdminLivros.jsp'...
[Info  - 18:03:09.110] Found 3 issue(s)
[Info  - 18:03:10.994] Analyzing file 'file:///opt/tomcat/webapps/teChegaPraLer/AdminLivros.jsp'...
[Info  - 18:03:11.035] Found 2 issue(s)
[Info  - 18:03:12.196] Analyzing file 'file:///opt/tomcat/webapps/teChegaPraLer/AdminLivros.jsp'...
[Info  - 18:03:12.281] Found 2 issue(s)
[Info  - 18:03:13.197] Analyzing file 'file:///opt/tomcat/webapps/teChegaPraLer/AdminLivros.jsp'...
[Info  - 18:03:13.273] Found 2 issue(s)
[Info  - 18:03:14.198] Analyzing file 'file:///opt/tomcat/webapps/teChegaPraLer/AdminLivros.jsp'...
[Info  - 18:03:14.246] Found 2 issue(s)
[Info  - 18:03:15.800] Analyzing file 'file:///opt/tomcat/webapps/teChegaPraLer/AdminLivros.jsp'...
[Info  - 18:03:15.877] Found 3 issue(s)
[Info  - 18:03:17.603] Analyzing file 'file:///opt/tomcat/webapps/teChegaPraLer/AdminLivros.jsp'...
[Info  - 18:03:17.670] Found 3 issue(s)
[Info  - 18:03:18.403] Analyzing file 'file:///opt/tomcat/webapps/teChegaPraLer/AdminLivros.jsp'...
[Info  - 18:03:18.499] Found 3 issue(s)
[Info  - 18:03:19.004] Analyzing file 'file:///opt/tomcat/webapps/teChegaPraLer/AdminLivros.jsp'...
[Info  - 18:03:19.164] Found 3 issue(s)
[Info  - 18:03:22.406] Analyzing file 'file:///opt/tomcat/webapps/teChegaPraLer/AdminLivros.jsp'...
[Info  - 18:03:22.452] Found 3 issue(s)
[Info  - 18:03:26.210] Analyzing file 'file:///opt/tomcat/webapps/teChegaPraLer/AdminLivros.jsp'...
[Info  - 18:03:26.272] Found 2 issue(s)
[Info  - 18:03:34.017] Analyzing file 'file:///opt/tomcat/webapps/teChegaPraLer/AdminLivros.jsp'...
[Info  - 18:03:34.057] Found 2 issue(s)
[Info  - 18:03:35.218] Analyzing file 'file:///opt/tomcat/webapps/teChegaPraLer/AdminLivros.jsp'...
[Info  - 18:03:35.235] Found 3 issue(s)
[Info  - 18:03:37.020] Analyzing file 'file:///opt/tomcat/webapps/teChegaPraLer/AdminLivros.jsp'...
[Info  - 18:03:37.043] Found 3 issue(s)
[Info  - 18:03:38.021] Analyzing file 'file:///opt/tomcat/webapps/teChegaPraLer/AdminLivros.jsp'...
[Info  - 18:03:38.079] Found 3 issue(s)
[Info  - 18:03:39.222] Analyzing file 'file:///opt/tomcat/webapps/teChegaPraLer/AdminLivros.jsp'...
[Info  - 18:03:39.239] Found 3 issue(s)
[Info  - 18:03:41.025] Analyzing file 'file:///opt/tomcat/webapps/teChegaPraLer/AdminLivros.jsp'...
[Info  - 18:03:41.071] Found 3 issue(s)
[Info  - 18:03:41.625] Analyzing file 'file:///opt/tomcat/webapps/teChegaPraLer/AdminLivros.jsp'...
[Info  - 18:03:41.659] Found 3 issue(s)
[Info  - 18:03:44.028] Analyzing file 'file:///opt/tomcat/webapps/teChegaPraLer/AdminLivros.jsp'...
[Info  - 18:03:44.076] Found 3 issue(s)
[Info  - 18:03:44.628] Analyzing file 'file:///opt/tomcat/webapps/teChegaPraLer/AdminLivros.jsp'...
[Info  - 18:03:44.663] Found 3 issue(s)
[Info  - 18:03:45.430] Analyzing file 'file:///opt/tomcat/webapps/teChegaPraLer/AdminLivros.jsp'...
[Info  - 18:03:45.470] Found 3 issue(s)
[Info  - 18:03:48.233] Analyzing file 'file:///opt/tomcat/webapps/teChegaPraLer/AdminLivros.jsp'...
[Info  - 18:03:48.270] Found 3 issue(s)
[Info  - 18:03:52.037] Analyzing file 'file:///opt/tomcat/webapps/teChegaPraLer/AdminLivros.jsp'...
[Info  - 18:03:52.075] Found 3 issue(s)
[Info  - 18:03:52.838] Analyzing file 'file:///opt/tomcat/webapps/teChegaPraLer/AdminLivros.jsp'...
[Info  - 18:03:52.874] Found 3 issue(s)
[Info  - 18:03:55.041] Analyzing file 'file:///opt/tomcat/webapps/teChegaPraLer/AdminLivros.jsp'...
[Info  - 18:03:55.079] Found 3 issue(s)
[Info  - 18:03:56.443] Analyzing file 'file:///opt/tomcat/webapps/teChegaPraLer/AdminLivros.jsp'...
[Info  - 18:03:56.481] Found 2 issue(s)
[Info  - 18:03:58.645] Analyzing file 'file:///opt/tomcat/webapps/teChegaPraLer/AdminLivros.jsp'...
[Info  - 18:03:58.686] Found 2 issue(s)
[Info  - 18:04:00.046] Analyzing file 'file:///opt/tomcat/webapps/teChegaPraLer/AdminLivros.jsp'...
[Info  - 18:04:00.073] Found 2 issue(s)
[Info  - 18:04:28.269] Analyzing file 'file:///opt/tomcat/webapps/teChegaPraLer/AdminLivros.jsp'...
[Info  - 18:04:28.314] Found 2 issue(s)
[Info  - 18:04:30.471] Analyzing file 'file:///opt/tomcat/webapps/teChegaPraLer/AdminLivros.jsp'...
[Info  - 18:04:30.510] Found 2 issue(s)
[Info  - 18:04:33.074] Analyzing file 'file:///opt/tomcat/webapps/teChegaPraLer/AdminLivros.jsp'...
[Info  - 18:04:33.110] Found 2 issue(s)
[Info  - 18:04:36.676] Analyzing file 'file:///opt/tomcat/webapps/teChegaPraLer/AdminLivros.jsp'...
[Info  - 18:04:36.716] Found 2 issue(s)
[Info  - 18:05:28.116] Analyzing file 'file:///opt/tomcat/webapps/teChegaPraLer/AdminLivros.jsp'...
[Info  - 18:05:28.156] Found 2 issue(s)
[Info  - 18:05:28.402] Analyzing file 'file:///opt/tomcat/webapps/teChegaPraLer/AdminLivros.jsp'...
[Info  - 18:05:28.432] Found 2 issue(s)
[Info  - 18:05:56.140] Analyzing file 'file:///opt/tomcat/webapps/teChegaPraLer/AdminLivros.jsp'...
[Info  - 18:05:56.181] Found 2 issue(s)
[Info  - 18:05:58.342] Analyzing file 'file:///opt/tomcat/webapps/teChegaPraLer/AdminLivros.jsp'...
[Info  - 18:05:58.390] Found 2 issue(s)
[Info  - 18:05:59.944] Analyzing file 'file:///opt/tomcat/webapps/teChegaPraLer/AdminLivros.jsp'...
[Info  - 18:05:59.980] Found 2 issue(s)
[Info  - 18:06:02.146] Analyzing file 'file:///opt/tomcat/webapps/teChegaPraLer/AdminLivros.jsp'...
[Info  - 18:06:02.180] Found 2 issue(s)
[Info  - 18:06:11.954] Analyzing file 'file:///opt/tomcat/webapps/teChegaPraLer/AdminLivros.jsp'...
[Info  - 18:06:11.992] Found 2 issue(s)
[Info  - 18:06:14.357] Analyzing file 'file:///opt/tomcat/webapps/teChegaPraLer/AdminLivros.jsp'...
[Info  - 18:06:14.394] Found 2 issue(s)
[Info  - 18:06:15.558] Analyzing file 'file:///opt/tomcat/webapps/teChegaPraLer/AdminLivros.jsp'...
[Info  - 18:06:15.604] Found 2 issue(s)
[Info  - 18:06:16.559] Analyzing file 'file:///opt/tomcat/webapps/teChegaPraLer/AdminLivros.jsp'...
[Info  - 18:06:16.602] Found 2 issue(s)
[Info  - 18:06:18.962] Analyzing file 'file:///opt/tomcat/webapps/teChegaPraLer/AdminLivros.jsp'...
[Info  - 18:06:19.000] Found 2 issue(s)
[Info  - 18:06:20.563] Analyzing file 'file:///opt/tomcat/webapps/teChegaPraLer/AdminLivros.jsp'...
[Info  - 18:06:20.611] Found 2 issue(s)
[Info  - 18:06:21.164] Analyzing file 'file:///opt/tomcat/webapps/teChegaPraLer/AdminLivros.jsp'...
[Info  - 18:06:21.206] Found 2 issue(s)
[Info  - 18:06:21.764] Analyzing file 'file:///opt/tomcat/webapps/teChegaPraLer/AdminLivros.jsp'...
[Info  - 18:06:21.789] Found 2 issue(s)
[Info  - 18:06:23.766] Analyzing file 'file:///opt/tomcat/webapps/teChegaPraLer/AdminLivros.jsp'...
[Info  - 18:06:23.787] Found 2 issue(s)
[Info  - 18:06:26.368] Analyzing file 'file:///opt/tomcat/webapps/teChegaPraLer/AdminLivros.jsp'...
[Info  - 18:06:26.391] Found 2 issue(s)
[Info  - 18:06:26.969] Analyzing file 'file:///opt/tomcat/webapps/teChegaPraLer/AdminLivros.jsp'...
[Info  - 18:06:26.980] Found 2 issue(s)
[Info  - 18:06:32.173] Analyzing file 'file:///opt/tomcat/webapps/teChegaPraLer/AdminLivros.jsp'...
[Info  - 18:06:32.208] Found 2 issue(s)
[Info  - 18:06:33.975] Analyzing file 'file:///opt/tomcat/webapps/teChegaPraLer/AdminLivros.jsp'...
[Info  - 18:06:34.005] Found 2 issue(s)
[Info  - 18:06:38.578] Analyzing file 'file:///opt/tomcat/webapps/teChegaPraLer/AdminLivros.jsp'...
[Info  - 18:06:38.589] Found 2 issue(s)
[Info  - 18:06:39.980] Analyzing file 'file:///opt/tomcat/webapps/teChegaPraLer/AdminLivros.jsp'...
[Info  - 18:06:40.009] Found 2 issue(s)
[Info  - 18:06:40.581] Analyzing file 'file:///opt/tomcat/webapps/teChegaPraLer/AdminLivros.jsp'...
[Info  - 18:06:40.610] Found 2 issue(s)
[Info  - 18:06:51.791] Analyzing file 'file:///opt/tomcat/webapps/teChegaPraLer/AdminLivros.jsp'...
[Info  - 18:06:51.824] Found 2 issue(s)
[Info  - 18:06:54.393] Analyzing file 'file:///opt/tomcat/webapps/teChegaPraLer/AdminLivros.jsp'...
[Info  - 18:06:54.422] Found 2 issue(s)
[Info  - 18:06:55.995] Analyzing file 'file:///opt/tomcat/webapps/teChegaPraLer/AdminLivros.jsp'...
[Info  - 18:06:56.034] Found 2 issue(s)
[Info  - 18:07:03.401] Analyzing file 'file:///opt/tomcat/webapps/teChegaPraLer/AdminLivros.jsp'...
[Info  - 18:07:03.434] Found 2 issue(s)
[Info  - 18:07:07.805] Analyzing file 'file:///opt/tomcat/webapps/teChegaPraLer/AdminLivros.jsp'...
[Info  - 18:07:07.832] Found 2 issue(s)
[Info  - 18:07:10.206] Analyzing file 'file:///opt/tomcat/webapps/teChegaPraLer/AdminLivros.jsp'...
[Info  - 18:07:10.252] Found 2 issue(s)
[Info  - 18:07:11.408] Analyzing file 'file:///opt/tomcat/webapps/teChegaPraLer/AdminLivros.jsp'...
[Info  - 18:07:11.424] Found 2 issue(s)
[Info  - 18:07:12.609] Analyzing file 'file:///opt/tomcat/webapps/teChegaPraLer/AdminLivros.jsp'...
[Info  - 18:07:12.625] Found 2 issue(s)
[Info  - 18:07:13.410] Analyzing file 'file:///opt/tomcat/webapps/teChegaPraLer/AdminLivros.jsp'...
[Info  - 18:07:13.422] Found 2 issue(s)
[Info  - 18:07:15.412] Analyzing file 'file:///opt/tomcat/webapps/teChegaPraLer/AdminLivros.jsp'...
[Info  - 18:07:15.442] Found 2 issue(s)
[Info  - 18:07:16.605] Analyzing file 'file:///opt/tomcat/webapps/teChegaPraLer/AdminLivros.jsp'...
[Info  - 18:07:16.616] Found 2 issue(s)
[Info  - 18:07:17.013] Analyzing file 'file:///opt/tomcat/webapps/teChegaPraLer/AdminLivros.jsp'...
[Info  - 18:07:17.027] Found 2 issue(s)
[Info  - 18:28:11.641] Analyzing file 'file:///opt/tomcat/webapps/teChegaPraLer/AdminLivros.jsp'...
[Info  - 18:28:11.654] Found 2 issue(s)
[Info  - 18:28:37.849] Analyzing file 'file:///opt/tomcat/webapps/teChegaPraLer/AdminLivros.jsp'...
[Info  - 18:28:37.861] Found 2 issue(s)
[Info  - 18:41:04.555] Analyzing file 'file:///opt/tomcat/webapps/teChegaPraLer/AdminLivros.jsp'...
[Info  - 18:41:04.589] Found 2 issue(s)
[Info  - 18:41:23.105] Analyzing file 'file:///opt/tomcat/webapps/teChegaPraLer/AdminLivros.jsp'...
[Info  - 18:41:23.125] Found 2 issue(s)
[Info  - 18:41:23.172] Analyzing file 'file:///opt/tomcat/webapps/teChegaPraLer/AdminLivros.jsp'...
[Info  - 18:41:23.192] Found 2 issue(s)
[Info  - 18:41:48.743] Analyzing file 'file:///opt/tomcat/webapps/teChegaPraLer/AdminEditoras.jsp'...
[Info  - 18:41:48.786] Found 2 issue(s)
[Info  - 18:42:04.605] Analyzing file 'file:///opt/tomcat/webapps/teChegaPraLer/AdminLivros.jsp'...
[Info  - 18:42:04.634] Found 2 issue(s)
[Info  - 18:42:05.707] Analyzing file 'file:///opt/tomcat/webapps/teChegaPraLer/AdminLivros.jsp'...
[Info  - 18:42:05.736] Found 2 issue(s)
[Info  - 18:42:06.007] Analyzing file 'file:///opt/tomcat/webapps/teChegaPraLer/AdminLivros.jsp'...
[Info  - 18:42:06.015] Found 2 issue(s)
[Info  - 18:42:14.015] Analyzing file 'file:///opt/tomcat/webapps/teChegaPraLer/AdminLivros.jsp'...
[Info  - 18:42:14.048] Found 2 issue(s)
[Info  - 18:42:15.086] Analyzing file 'file:///opt/tomcat/webapps/teChegaPraLer/AdminLivros.jsp'...
[Info  - 18:42:15.095] Found 2 issue(s)
[Info  - 18:42:23.423] Analyzing file 'file:///opt/tomcat/webapps/teChegaPraLer/AdminLivros.jsp'...
[Info  - 18:42:23.460] Found 2 issue(s)
[Info  - 18:42:25.825] Analyzing file 'file:///opt/tomcat/webapps/teChegaPraLer/AdminLivros.jsp'...
[Info  - 18:42:25.846] Found 2 issue(s)
[Info  - 18:42:58.058] Analyzing file 'file:///opt/tomcat/webapps/teChegaPraLer/AdminLivros.jsp'...
[Info  - 18:42:58.096] Found 2 issue(s)
[Info  - 18:43:01.663] Analyzing file 'file:///opt/tomcat/webapps/teChegaPraLer/AdminLivros.jsp'...
[Info  - 18:43:01.694] Found 2 issue(s)
[Info  - 18:43:02.463] Analyzing file 'file:///opt/tomcat/webapps/teChegaPraLer/AdminLivros.jsp'...
[Info  - 18:43:02.500] Found 2 issue(s)
[Info  - 18:43:06.667] Analyzing file 'file:///opt/tomcat/webapps/teChegaPraLer/AdminLivros.jsp'...
[Info  - 18:43:06.697] Found 2 issue(s)
[Info  - 18:43:09.270] Analyzing file 'file:///opt/tomcat/webapps/teChegaPraLer/AdminLivros.jsp'...
[Info  - 18:43:09.306] Found 3 issue(s)
[Info  - 18:43:10.872] Analyzing file 'file:///opt/tomcat/webapps/teChegaPraLer/AdminLivros.jsp'...
[Info  - 18:43:10.906] Found 3 issue(s)
[Info  - 18:43:14.475] Analyzing file 'file:///opt/tomcat/webapps/teChegaPraLer/AdminLivros.jsp'...
[Info  - 18:43:14.501] Found 3 issue(s)
[Info  - 18:43:16.077] Analyzing file 'file:///opt/tomcat/webapps/teChegaPraLer/AdminLivros.jsp'...
[Info  - 18:43:16.107] Found 3 issue(s)
[Info  - 18:43:18.279] Analyzing file 'file:///opt/tomcat/webapps/teChegaPraLer/AdminLivros.jsp'...
[Info  - 18:43:18.308] Found 3 issue(s)
[Info  - 18:43:28.087] Analyzing file 'file:///opt/tomcat/webapps/teChegaPraLer/AdminLivros.jsp'...
[Info  - 18:43:28.118] Found 2 issue(s)
[Info  - 18:43:32.491] Analyzing file 'file:///opt/tomcat/webapps/teChegaPraLer/AdminLivros.jsp'...
[Info  - 18:43:32.522] Found 2 issue(s)
[Info  - 18:43:36.896] Analyzing file 'file:///opt/tomcat/webapps/teChegaPraLer/AdminLivros.jsp'...
[Info  - 18:43:36.929] Found 3 issue(s)
[Info  - 18:44:10.124] Analyzing file 'file:///opt/tomcat/webapps/teChegaPraLer/AdminLivros.jsp'...
[Info  - 18:44:10.157] Found 3 issue(s)
[Info  - 18:44:11.493] Analyzing file 'file:///opt/tomcat/webapps/teChegaPraLer/AdminLivros.jsp'...
[Info  - 18:44:11.503] Found 3 issue(s)
[Info  - 18:44:11.526] Analyzing file 'file:///opt/tomcat/webapps/teChegaPraLer/AdminLivros.jsp'...
[Info  - 18:44:11.539] Found 3 issue(s)
[Info  - 18:45:11.178] Analyzing file 'file:///opt/tomcat/webapps/teChegaPraLer/AdminLivros.jsp'...
[Info  - 18:45:11.209] Found 2 issue(s)
[Info  - 18:45:16.782] Analyzing file 'file:///opt/tomcat/webapps/teChegaPraLer/AdminLivros.jsp'...
[Info  - 18:45:16.811] Found 2 issue(s)
[Info  - 18:45:17.783] Analyzing file 'file:///opt/tomcat/webapps/teChegaPraLer/AdminLivros.jsp'...
[Info  - 18:45:17.816] Found 3 issue(s)
[Info  - 18:45:25.189] Analyzing file 'file:///opt/tomcat/webapps/teChegaPraLer/AdminLivros.jsp'...
[Info  - 18:45:25.220] Found 3 issue(s)
[Info  - 18:45:25.789] Analyzing file 'file:///opt/tomcat/webapps/teChegaPraLer/AdminLivros.jsp'...
[Info  - 18:45:25.815] Found 3 issue(s)
[Info  - 18:45:26.069] Analyzing file 'file:///opt/tomcat/webapps/teChegaPraLer/AdminLivros.jsp'...
[Info  - 18:45:26.081] Found 3 issue(s)
[Info  - 18:45:36.633] Analyzing file 'file:///opt/tomcat/webapps/teChegaPraLer/AdminLivros.jsp'...
[Info  - 18:45:36.642] Found 3 issue(s)
[Info  - 18:45:36.999] Analyzing file 'file:///opt/tomcat/webapps/teChegaPraLer/AdminLivros.jsp'...
[Info  - 18:45:37.005] Found 3 issue(s)
[Info  - 18:49:18.186] Analyzing file 'file:///opt/tomcat/webapps/teChegaPraLer/AdminLivros.jsp'...
[Info  - 18:49:18.231] Found 3 issue(s)
[Info  - 18:49:29.181] Analyzing file 'file:///opt/tomcat/webapps/teChegaPraLer/AdminLivros.jsp'...
[Info  - 18:49:29.202] Found 3 issue(s)
[Info  - 18:49:43.323] Analyzing file 'file:///opt/tomcat/webapps/teChegaPraLer/AdminLivros.jsp'...
[Info  - 18:49:43.385] Found 3 issue(s)
[Info  - 18:49:43.609] Analyzing file 'file:///opt/tomcat/webapps/teChegaPraLer/AdminLivros.jsp'...
[Info  - 18:49:43.634] Found 3 issue(s)
[Info  - 18:49:55.821] Analyzing file 'file:///opt/tomcat/webapps/teChegaPraLer/AdminLivros.jsp'...
[Info  - 18:49:55.846] Found 2 issue(s)
[Info  - 18:49:56.822] Analyzing file 'file:///opt/tomcat/webapps/teChegaPraLer/AdminLivros.jsp'...
[Info  - 18:49:56.833] Found 3 issue(s)
[Info  - 18:49:58.423] Analyzing file 'file:///opt/tomcat/webapps/teChegaPraLer/AdminLivros.jsp'...
[Info  - 18:49:58.436] Found 3 issue(s)
[Info  - 18:49:59.224] Analyzing file 'file:///opt/tomcat/webapps/teChegaPraLer/AdminLivros.jsp'...
[Info  - 18:49:59.254] Found 3 issue(s)
[Info  - 18:50:00.826] Analyzing file 'file:///opt/tomcat/webapps/teChegaPraLer/AdminLivros.jsp'...
[Info  - 18:50:00.859] Found 3 issue(s)
[Info  - 18:50:08.232] Analyzing file 'file:///opt/tomcat/webapps/teChegaPraLer/AdminLivros.jsp'...
[Info  - 18:50:08.264] Found 3 issue(s)
[Info  - 18:50:09.833] Analyzing file 'file:///opt/tomcat/webapps/teChegaPraLer/AdminLivros.jsp'...
[Info  - 18:50:09.863] Found 3 issue(s)
[Info  - 18:50:13.836] Analyzing file 'file:///opt/tomcat/webapps/teChegaPraLer/AdminLivros.jsp'...
[Info  - 18:50:13.863] Found 3 issue(s)
[Info  - 18:50:16.038] Analyzing file 'file:///opt/tomcat/webapps/teChegaPraLer/AdminLivros.jsp'...
[Info  - 18:50:16.063] Found 3 issue(s)
[Info  - 18:50:18.440] Analyzing file 'file:///opt/tomcat/webapps/teChegaPraLer/AdminLivros.jsp'...
[Info  - 18:50:18.465] Found 3 issue(s)
[Info  - 18:50:19.241] Analyzing file 'file:///opt/tomcat/webapps/teChegaPraLer/AdminLivros.jsp'...
[Info  - 18:50:19.266] Found 3 issue(s)
[Info  - 18:50:20.253] Analyzing file 'file:///opt/tomcat/webapps/teChegaPraLer/AdminLivros.jsp'...
[Info  - 18:50:20.261] Found 3 issue(s)
[Info  - 18:50:20.441] Analyzing file 'file:///opt/tomcat/webapps/teChegaPraLer/AdminLivros.jsp'...
[Info  - 18:50:20.451] Found 3 issue(s)
[Info  - 18:50:29.450] Analyzing file 'file:///opt/tomcat/webapps/teChegaPraLer/AdminLivros.jsp'...
[Info  - 18:50:29.483] Found 3 issue(s)
[Info  - 18:50:46.778] Analyzing file 'file:///opt/tomcat/webapps/teChegaPraLer/AdminLivros.jsp'...
[Info  - 18:50:46.797] Found 3 issue(s)
[Info  - 18:51:40.310] Analyzing file 'file:///opt/tomcat/webapps/teChegaPraLer/AdminLivros.jsp'...
[Info  - 18:51:40.347] Found 3 issue(s)
[Info  - 18:51:43.912] Analyzing file 'file:///opt/tomcat/webapps/teChegaPraLer/AdminLivros.jsp'...
[Info  - 18:51:43.920] Found 3 issue(s)
[Info  - 18:51:45.713] Analyzing file 'file:///opt/tomcat/webapps/teChegaPraLer/AdminLivros.jsp'...
[Info  - 18:51:45.728] Found 3 issue(s)
[Info  - 18:51:50.116] Analyzing file 'file:///opt/tomcat/webapps/teChegaPraLer/AdminLivros.jsp'...
[Info  - 18:51:50.133] Found 3 issue(s)
[Info  - 18:52:58.774] Analyzing file 'file:///opt/tomcat/webapps/teChegaPraLer/AdminLivros.jsp'...
[Info  - 18:52:58.809] Found 3 issue(s)
[Info  - 18:53:13.784] Analyzing file 'file:///opt/tomcat/webapps/teChegaPraLer/AdminLivros.jsp'...
[Info  - 18:53:13.814] Found 3 issue(s)
[Info  - 18:53:28.800] Analyzing file 'file:///opt/tomcat/webapps/teChegaPraLer/AdminLivros.jsp'...
[Info  - 18:53:28.826] Found 3 issue(s)
[Info  - 18:53:34.605] Analyzing file 'file:///opt/tomcat/webapps/teChegaPraLer/AdminLivros.jsp'...
[Info  - 18:53:34.639] Found 3 issue(s)
[Info  - 18:53:45.014] Analyzing file 'file:///opt/tomcat/webapps/teChegaPraLer/AdminLivros.jsp'...
[Info  - 18:53:45.042] Found 3 issue(s)
[Info  - 18:53:49.418] Analyzing file 'file:///opt/tomcat/webapps/teChegaPraLer/AdminLivros.jsp'...
[Info  - 18:53:49.445] Found 3 issue(s)
[Info  - 18:53:58.826] Analyzing file 'file:///opt/tomcat/webapps/teChegaPraLer/AdminLivros.jsp'...
[Info  - 18:53:58.865] Found 3 issue(s)
[Info  - 18:54:12.038] Analyzing file 'file:///opt/tomcat/webapps/teChegaPraLer/AdminLivros.jsp'...
[Info  - 18:54:12.065] Found 3 issue(s)
[Info  - 18:54:14.641] Analyzing file 'file:///opt/tomcat/webapps/teChegaPraLer/AdminLivros.jsp'...
[Info  - 18:54:14.673] Found 3 issue(s)
[Info  - 18:54:17.443] Analyzing file 'file:///opt/tomcat/webapps/teChegaPraLer/AdminLivros.jsp'...
[Info  - 18:54:17.476] Found 3 issue(s)
[Info  - 18:54:24.849] Analyzing file 'file:///opt/tomcat/webapps/teChegaPraLer/AdminLivros.jsp'...
[Info  - 18:54:24.878] Found 3 issue(s)
[Info  - 18:54:27.251] Analyzing file 'file:///opt/tomcat/webapps/teChegaPraLer/AdminLivros.jsp'...
[Info  - 18:54:27.282] Found 3 issue(s)
[Info  - 18:54:28.051] Analyzing file 'file:///opt/tomcat/webapps/teChegaPraLer/AdminLivros.jsp'...
[Info  - 18:54:28.071] Found 3 issue(s)
[Info  - 18:54:29.053] Analyzing file 'file:///opt/tomcat/webapps/teChegaPraLer/AdminLivros.jsp'...
[Info  - 18:54:29.079] Found 3 issue(s)
[Info  - 18:54:30.254] Analyzing file 'file:///opt/tomcat/webapps/teChegaPraLer/AdminLivros.jsp'...
[Info  - 18:54:30.281] Found 3 issue(s)
[Info  - 18:54:31.255] Analyzing file 'file:///opt/tomcat/webapps/teChegaPraLer/AdminLivros.jsp'...
[Info  - 18:54:31.281] Found 3 issue(s)
[Info  - 18:54:32.055] Analyzing file 'file:///opt/tomcat/webapps/teChegaPraLer/AdminLivros.jsp'...
[Info  - 18:54:32.064] Found 3 issue(s)
[Info  - 18:54:33.256] Analyzing file 'file:///opt/tomcat/webapps/teChegaPraLer/AdminLivros.jsp'...
[Info  - 18:54:33.278] Found 3 issue(s)
[Info  - 18:54:35.658] Analyzing file 'file:///opt/tomcat/webapps/teChegaPraLer/AdminLivros.jsp'...
[Info  - 18:54:35.677] Found 3 issue(s)
[Info  - 18:54:36.259] Analyzing file 'file:///opt/tomcat/webapps/teChegaPraLer/AdminLivros.jsp'...
[Info  - 18:54:36.279] Found 3 issue(s)
[Info  - 18:54:37.860] Analyzing file 'file:///opt/tomcat/webapps/teChegaPraLer/AdminLivros.jsp'...
[Info  - 18:54:37.882] Found 3 issue(s)
[Info  - 18:54:39.061] Analyzing file 'file:///opt/tomcat/webapps/teChegaPraLer/AdminLivros.jsp'...
[Info  - 18:54:39.087] Found 3 issue(s)
[Info  - 18:54:40.662] Analyzing file 'file:///opt/tomcat/webapps/teChegaPraLer/AdminLivros.jsp'...
[Info  - 18:54:40.686] Found 3 issue(s)
[Info  - 18:54:42.064] Analyzing file 'file:///opt/tomcat/webapps/teChegaPraLer/AdminLivros.jsp'...
[Info  - 18:54:42.091] Found 3 issue(s)
[Info  - 18:54:47.668] Analyzing file 'file:///opt/tomcat/webapps/teChegaPraLer/AdminLivros.jsp'...
[Info  - 18:54:47.693] Found 3 issue(s)
[Info  - 18:55:08.885] Analyzing file 'file:///opt/tomcat/webapps/teChegaPraLer/AdminLivros.jsp'...
[Info  - 18:55:08.901] Found 3 issue(s)
[Info  - 18:55:18.293] Analyzing file 'file:///opt/tomcat/webapps/teChegaPraLer/AdminLivros.jsp'...
[Info  - 18:55:18.328] Found 3 issue(s)
[Info  - 18:55:19.494] Analyzing file 'file:///opt/tomcat/webapps/teChegaPraLer/AdminLivros.jsp'...
[Info  - 18:55:19.518] Found 3 issue(s)
[Info  - 18:55:21.495] Analyzing file 'file:///opt/tomcat/webapps/teChegaPraLer/AdminLivros.jsp'...
[Info  - 18:55:21.507] Found 3 issue(s)
[Info  - 18:55:24.498] Analyzing file 'file:///opt/tomcat/webapps/teChegaPraLer/AdminLivros.jsp'...
[Info  - 18:55:24.535] Found 3 issue(s)
[Info  - 18:55:26.899] Analyzing file 'file:///opt/tomcat/webapps/teChegaPraLer/AdminLivros.jsp'...
[Info  - 18:55:26.914] Found 3 issue(s)
[Info  - 18:55:29.301] Analyzing file 'file:///opt/tomcat/webapps/teChegaPraLer/AdminLivros.jsp'...
[Info  - 18:55:29.331] Found 3 issue(s)
[Info  - 18:55:30.902] Analyzing file 'file:///opt/tomcat/webapps/teChegaPraLer/AdminLivros.jsp'...
[Info  - 18:55:30.929] Found 3 issue(s)
[Info  - 18:55:32.504] Analyzing file 'file:///opt/tomcat/webapps/teChegaPraLer/AdminLivros.jsp'...
[Info  - 18:55:32.526] Found 3 issue(s)
[Info  - 18:55:36.707] Analyzing file 'file:///opt/tomcat/webapps/teChegaPraLer/AdminLivros.jsp'...
[Info  - 18:55:36.740] Found 3 issue(s)
[Info  - 18:55:38.709] Analyzing file 'file:///opt/tomcat/webapps/teChegaPraLer/AdminLivros.jsp'...
[Info  - 18:55:38.737] Found 3 issue(s)
[Info  - 18:55:40.310] Analyzing file 'file:///opt/tomcat/webapps/teChegaPraLer/AdminLivros.jsp'...
[Info  - 18:55:40.345] Found 3 issue(s)
[Info  - 18:55:41.511] Analyzing file 'file:///opt/tomcat/webapps/teChegaPraLer/AdminLivros.jsp'...
[Info  - 18:55:41.547] Found 3 issue(s)
[Info  - 18:55:42.712] Analyzing file 'file:///opt/tomcat/webapps/teChegaPraLer/AdminLivros.jsp'...
[Info  - 18:55:42.742] Found 3 issue(s)
[Info  - 18:55:43.713] Analyzing file 'file:///opt/tomcat/webapps/teChegaPraLer/AdminLivros.jsp'...
[Info  - 18:55:43.740] Found 3 issue(s)
[Info  - 18:55:55.123] Analyzing file 'file:///opt/tomcat/webapps/teChegaPraLer/AdminLivros.jsp'...
[Info  - 18:55:55.131] Found 3 issue(s)
[Info  - 18:55:57.525] Analyzing file 'file:///opt/tomcat/webapps/teChegaPraLer/AdminLivros.jsp'...
[Info  - 18:55:57.553] Found 3 issue(s)
[Info  - 18:55:59.397] Analyzing file 'file:///opt/tomcat/webapps/teChegaPraLer/AdminLivros.jsp'...
[Info  - 18:55:59.406] Found 3 issue(s)
[Info  - 18:56:04.129] Analyzing file 'file:///opt/tomcat/webapps/teChegaPraLer/AdminLivros.jsp'...
[Info  - 18:56:04.164] Found 3 issue(s)
[Info  - 18:56:10.134] Analyzing file 'file:///opt/tomcat/webapps/teChegaPraLer/AdminLivros.jsp'...
[Info  - 18:56:10.147] Found 3 issue(s)
[Info  - 18:56:14.338] Analyzing file 'file:///opt/tomcat/webapps/teChegaPraLer/AdminLivros.jsp'...
[Info  - 18:56:14.354] Found 3 issue(s)
[Info  - 18:56:17.941] Analyzing file 'file:///opt/tomcat/webapps/teChegaPraLer/AdminLivros.jsp'...
[Info  - 18:56:17.965] Found 3 issue(s)
[Info  - 18:56:19.142] Analyzing file 'file:///opt/tomcat/webapps/teChegaPraLer/AdminLivros.jsp'...
[Info  - 18:56:19.163] Found 3 issue(s)
[Info  - 18:56:21.744] Analyzing file 'file:///opt/tomcat/webapps/teChegaPraLer/AdminLivros.jsp'...
[Info  - 18:56:21.766] Found 3 issue(s)
[Info  - 18:56:24.346] Analyzing file 'file:///opt/tomcat/webapps/teChegaPraLer/AdminLivros.jsp'...
[Info  - 18:56:24.380] Found 3 issue(s)
[Info  - 18:56:28.749] Analyzing file 'file:///opt/tomcat/webapps/teChegaPraLer/AdminLivros.jsp'...
[Info  - 18:56:28.777] Found 3 issue(s)
[Info  - 18:56:30.551] Analyzing file 'file:///opt/tomcat/webapps/teChegaPraLer/AdminLivros.jsp'...
[Info  - 18:56:30.580] Found 3 issue(s)
[Info  - 18:56:31.952] Analyzing file 'file:///opt/tomcat/webapps/teChegaPraLer/AdminLivros.jsp'...
[Info  - 18:56:31.986] Found 3 issue(s)
[Info  - 18:56:34.154] Analyzing file 'file:///opt/tomcat/webapps/teChegaPraLer/AdminLivros.jsp'...
[Info  - 18:56:34.192] Found 3 issue(s)
[Info  - 18:56:36.756] Analyzing file 'file:///opt/tomcat/webapps/teChegaPraLer/AdminLivros.jsp'...
[Info  - 18:56:36.785] Found 3 issue(s)
[Info  - 18:56:40.166] Analyzing file 'file:///opt/tomcat/webapps/teChegaPraLer/AdminLivros.jsp'...
[Info  - 18:56:40.197] Found 3 issue(s)
[Info  - 18:56:46.570] Analyzing file 'file:///opt/tomcat/webapps/teChegaPraLer/AdminLivros.jsp'...
[Info  - 18:56:46.585] Found 3 issue(s)
[Info  - 18:56:47.571] Analyzing file 'file:///opt/tomcat/webapps/teChegaPraLer/AdminLivros.jsp'...
[Info  - 18:56:47.580] Found 3 issue(s)
[Info  - 18:56:49.572] Analyzing file 'file:///opt/tomcat/webapps/teChegaPraLer/AdminLivros.jsp'...
[Info  - 18:56:49.599] Found 3 issue(s)
[Info  - 18:56:54.176] Analyzing file 'file:///opt/tomcat/webapps/teChegaPraLer/AdminLivros.jsp'...
[Info  - 18:56:54.212] Found 3 issue(s)
[Info  - 18:56:55.977] Analyzing file 'file:///opt/tomcat/webapps/teChegaPraLer/AdminLivros.jsp'...
[Info  - 18:56:55.994] Found 3 issue(s)
[Info  - 18:56:58.780] Analyzing file 'file:///opt/tomcat/webapps/teChegaPraLer/AdminLivros.jsp'...
[Info  - 18:56:58.811] Found 3 issue(s)
[Info  - 18:57:01.382] Analyzing file 'file:///opt/tomcat/webapps/teChegaPraLer/AdminLivros.jsp'...
[Info  - 18:57:01.410] Found 3 issue(s)
[Info  - 18:57:11.390] Analyzing file 'file:///opt/tomcat/webapps/teChegaPraLer/AdminLivros.jsp'...
[Info  - 18:57:11.419] Found 3 issue(s)
[Info  - 18:57:14.231] Analyzing file 'file:///opt/tomcat/webapps/teChegaPraLer/AdminLivros.jsp'...
[Info  - 18:57:14.249] Found 3 issue(s)
[Info  - 18:57:14.392] Analyzing file 'file:///opt/tomcat/webapps/teChegaPraLer/AdminLivros.jsp'...
[Info  - 18:57:14.399] Found 3 issue(s)
[Info  - 18:57:18.568] Analyzing file 'file:///opt/tomcat/webapps/teChegaPraLer/AdminLivros.jsp'...
[Info  - 18:57:18.598] Found 3 issue(s)
[Info  - 18:57:18.996] Analyzing file 'file:///opt/tomcat/webapps/teChegaPraLer/AdminLivros.jsp'...
[Info  - 18:57:19.003] Found 3 issue(s)
[Info  - 18:57:25.601] Analyzing file 'file:///opt/tomcat/webapps/teChegaPraLer/AdminLivros.jsp'...
[Info  - 18:57:25.634] Found 3 issue(s)
[Info  - 18:57:55.829] Analyzing file 'file:///opt/tomcat/webapps/teChegaPraLer/AdminLivros.jsp'...
[Info  - 18:57:55.837] Found 3 issue(s)
[Info  - 18:58:23.149] Analyzing file 'file:///opt/tomcat/webapps/teChegaPraLer/AdminLivros.jsp'...
[Info  - 18:58:23.157] Found 3 issue(s)
[Info  - 18:58:23.250] Analyzing file 'file:///opt/tomcat/webapps/teChegaPraLer/AdminLivros.jsp'...
[Info  - 18:58:23.256] Found 3 issue(s)
[Info  - 18:58:29.455] Analyzing file 'file:///opt/tomcat/webapps/teChegaPraLer/AdminLivros.jsp'...
[Info  - 18:58:29.485] Found 3 issue(s)
[Info  - 18:58:34.082] Analyzing file 'file:///opt/tomcat/webapps/teChegaPraLer/AdminLivros.jsp'...
[Info  - 18:58:34.094] Found 3 issue(s)
[Info  - 18:58:34.459] Analyzing file 'file:///opt/tomcat/webapps/teChegaPraLer/AdminLivros.jsp'...
[Info  - 18:58:34.466] Found 3 issue(s)
[Info  - 19:01:44.008] Analyzing file 'file:///opt/tomcat/webapps/teChegaPraLer/AdminLivros.jsp'...
[Info  - 19:01:44.020] Found 3 issue(s)
[Info  - 19:01:46.009] Analyzing file 'file:///opt/tomcat/webapps/teChegaPraLer/AdminLivros.jsp'...
[Info  - 19:01:46.033] Found 3 issue(s)
[Info  - 19:01:50.413] Analyzing file 'file:///opt/tomcat/webapps/teChegaPraLer/AdminLivros.jsp'...
[Info  - 19:01:50.443] Found 3 issue(s)
[Info  - 19:01:51.214] Analyzing file 'file:///opt/tomcat/webapps/teChegaPraLer/AdminLivros.jsp'...
[Info  - 19:01:51.225] Found 3 issue(s)
[Info  - 19:01:53.816] Analyzing file 'file:///opt/tomcat/webapps/teChegaPraLer/AdminLivros.jsp'...
[Info  - 19:01:53.849] Found 3 issue(s)
[Info  - 19:01:54.817] Analyzing file 'file:///opt/tomcat/webapps/teChegaPraLer/AdminLivros.jsp'...
[Info  - 19:01:54.824] Found 3 issue(s)
[Info  - 19:01:56.418] Analyzing file 'file:///opt/tomcat/webapps/teChegaPraLer/AdminLivros.jsp'...
[Info  - 19:01:56.447] Found 3 issue(s)
[Info  - 19:02:02.823] Analyzing file 'file:///opt/tomcat/webapps/teChegaPraLer/AdminLivros.jsp'...
[Info  - 19:02:02.830] Found 3 issue(s)
[Info  - 19:02:03.825] Analyzing file 'file:///opt/tomcat/webapps/teChegaPraLer/AdminLivros.jsp'...
[Info  - 19:02:03.856] Found 3 issue(s)
[Info  - 19:02:04.826] Analyzing file 'file:///opt/tomcat/webapps/teChegaPraLer/AdminLivros.jsp'...
[Info  - 19:02:04.852] Found 3 issue(s)
[Info  - 19:02:06.028] Analyzing file 'file:///opt/tomcat/webapps/teChegaPraLer/AdminLivros.jsp'...
[Info  - 19:02:06.055] Found 3 issue(s)
[Info  - 19:02:07.630] Analyzing file 'file:///opt/tomcat/webapps/teChegaPraLer/AdminLivros.jsp'...
[Info  - 19:02:07.655] Found 3 issue(s)
[Info  - 19:02:15.036] Analyzing file 'file:///opt/tomcat/webapps/teChegaPraLer/AdminLivros.jsp'...
[Info  - 19:02:15.065] Found 3 issue(s)
[Info  - 19:02:15.637] Analyzing file 'file:///opt/tomcat/webapps/teChegaPraLer/AdminLivros.jsp'...
[Info  - 19:02:15.664] Found 3 issue(s)
[Info  - 19:02:20.041] Analyzing file 'file:///opt/tomcat/webapps/teChegaPraLer/AdminLivros.jsp'...
[Info  - 19:02:20.065] Found 3 issue(s)
[Info  - 19:02:21.041] Analyzing file 'file:///opt/tomcat/webapps/teChegaPraLer/AdminLivros.jsp'...
[Info  - 19:02:21.073] Found 3 issue(s)
[Info  - 19:02:21.842] Analyzing file 'file:///opt/tomcat/webapps/teChegaPraLer/AdminLivros.jsp'...
[Info  - 19:02:21.870] Found 3 issue(s)
[Info  - 19:02:23.243] Analyzing file 'file:///opt/tomcat/webapps/teChegaPraLer/AdminLivros.jsp'...
[Info  - 19:02:23.252] Found 3 issue(s)
[Info  - 19:02:24.044] Analyzing file 'file:///opt/tomcat/webapps/teChegaPraLer/AdminLivros.jsp'...
[Info  - 19:02:24.070] Found 3 issue(s)
[Info  - 19:02:25.045] Analyzing file 'file:///opt/tomcat/webapps/teChegaPraLer/AdminLivros.jsp'...
[Info  - 19:02:25.073] Found 3 issue(s)
[Info  - 19:02:25.845] Analyzing file 'file:///opt/tomcat/webapps/teChegaPraLer/AdminLivros.jsp'...
[Info  - 19:02:25.855] Found 3 issue(s)
[Info  - 19:02:26.646] Analyzing file 'file:///opt/tomcat/webapps/teChegaPraLer/AdminLivros.jsp'...
[Info  - 19:02:26.671] Found 3 issue(s)
[Info  - 19:02:29.649] Analyzing file 'file:///opt/tomcat/webapps/teChegaPraLer/AdminLivros.jsp'...
[Info  - 19:02:29.677] Found 3 issue(s)
[Info  - 19:02:31.253] Analyzing file 'file:///opt/tomcat/webapps/teChegaPraLer/AdminLivros.jsp'...
[Info  - 19:02:31.263] Found 3 issue(s)
[Info  - 19:04:41.765] Analyzing file 'file:///opt/tomcat/webapps/teChegaPraLer/AdminLivros.jsp'...
[Info  - 19:04:41.785] Found 3 issue(s)
[Info  - 19:04:42.967] Analyzing file 'file:///opt/tomcat/webapps/teChegaPraLer/AdminLivros.jsp'...
[Info  - 19:04:43.003] Found 3 issue(s)
[Info  - 19:05:06.988] Analyzing file 'file:///opt/tomcat/webapps/teChegaPraLer/AdminLivros.jsp'...
[Info  - 19:05:07.026] Found 3 issue(s)
[Info  - 19:05:08.389] Analyzing file 'file:///opt/tomcat/webapps/teChegaPraLer/AdminLivros.jsp'...
[Info  - 19:05:08.409] Found 3 issue(s)
[Info  - 19:05:10.191] Analyzing file 'file:///opt/tomcat/webapps/teChegaPraLer/AdminLivros.jsp'...
[Info  - 19:05:10.215] Found 3 issue(s)
[Info  - 19:05:15.396] Analyzing file 'file:///opt/tomcat/webapps/teChegaPraLer/AdminLivros.jsp'...
[Info  - 19:05:15.427] Found 3 issue(s)
[Info  - 19:05:17.398] Analyzing file 'file:///opt/tomcat/webapps/teChegaPraLer/AdminLivros.jsp'...
[Info  - 19:05:17.408] Found 3 issue(s)
[Info  - 19:05:18.999] Analyzing file 'file:///opt/tomcat/webapps/teChegaPraLer/AdminLivros.jsp'...
[Info  - 19:05:19.023] Found 3 issue(s)
[Info  - 19:05:22.402] Analyzing file 'file:///opt/tomcat/webapps/teChegaPraLer/AdminLivros.jsp'...
[Info  - 19:05:22.426] Found 3 issue(s)
[Info  - 19:05:30.209] Analyzing file 'file:///opt/tomcat/webapps/teChegaPraLer/AdminLivros.jsp'...
[Info  - 19:05:30.242] Found 3 issue(s)
[Info  - 19:05:31.611] Analyzing file 'file:///opt/tomcat/webapps/teChegaPraLer/AdminLivros.jsp'...
[Info  - 19:05:31.637] Found 3 issue(s)
[Info  - 19:05:34.814] Analyzing file 'file:///opt/tomcat/webapps/teChegaPraLer/AdminLivros.jsp'...
[Info  - 19:05:34.840] Found 3 issue(s)
[Info  - 19:05:36.815] Analyzing file 'file:///opt/tomcat/webapps/teChegaPraLer/AdminLivros.jsp'...
[Info  - 19:05:36.839] Found 2 issue(s)
[Info  - 19:05:38.617] Analyzing file 'file:///opt/tomcat/webapps/teChegaPraLer/AdminLivros.jsp'...
[Info  - 19:05:38.639] Found 2 issue(s)
[Info  - 19:05:39.618] Analyzing file 'file:///opt/tomcat/webapps/teChegaPraLer/AdminLivros.jsp'...
[Info  - 19:05:39.632] Found 2 issue(s)
[Info  - 19:05:43.422] Analyzing file 'file:///opt/tomcat/webapps/teChegaPraLer/AdminLivros.jsp'...
[Info  - 19:05:43.447] Found 2 issue(s)
[Info  - 19:05:45.824] Analyzing file 'file:///opt/tomcat/webapps/teChegaPraLer/AdminLivros.jsp'...
[Info  - 19:05:45.830] Found 2 issue(s)
[Info  - 19:05:46.625] Analyzing file 'file:///opt/tomcat/webapps/teChegaPraLer/AdminLivros.jsp'...
[Info  - 19:05:46.654] Found 2 issue(s)
[Info  - 19:06:07.443] Analyzing file 'file:///opt/tomcat/webapps/teChegaPraLer/AdminLivros.jsp'...
[Info  - 19:06:07.467] Found 2 issue(s)
[Info  - 19:06:11.447] Analyzing file 'file:///opt/tomcat/webapps/teChegaPraLer/AdminLivros.jsp'...
[Info  - 19:06:11.473] Found 2 issue(s)
[Info  - 19:06:12.848] Analyzing file 'file:///opt/tomcat/webapps/teChegaPraLer/AdminLivros.jsp'...
[Info  - 19:06:12.873] Found 2 issue(s)
[Info  - 19:06:13.455] Analyzing file 'file:///opt/tomcat/webapps/teChegaPraLer/AdminLivros.jsp'...
[Info  - 19:06:13.468] Found 2 issue(s)
[Info  - 19:06:14.850] Analyzing file 'file:///opt/tomcat/webapps/teChegaPraLer/AdminLivros.jsp'...
[Info  - 19:06:14.883] Found 2 issue(s)
[Info  - 19:06:17.853] Analyzing file 'file:///opt/tomcat/webapps/teChegaPraLer/AdminLivros.jsp'...
[Info  - 19:06:17.880] Found 2 issue(s)
[Info  - 19:06:19.255] Analyzing file 'file:///opt/tomcat/webapps/teChegaPraLer/AdminLivros.jsp'...
[Info  - 19:06:19.290] Found 2 issue(s)
[Info  - 19:06:20.656] Analyzing file 'file:///opt/tomcat/webapps/teChegaPraLer/AdminLivros.jsp'...
[Info  - 19:06:20.679] Found 2 issue(s)
[Info  - 19:06:21.457] Analyzing file 'file:///opt/tomcat/webapps/teChegaPraLer/AdminLivros.jsp'...
[Info  - 19:06:21.475] Found 2 issue(s)
[Info  - 19:06:22.258] Analyzing file 'file:///opt/tomcat/webapps/teChegaPraLer/AdminLivros.jsp'...
[Info  - 19:06:22.284] Found 2 issue(s)
[Info  - 19:06:30.464] Analyzing file 'file:///opt/tomcat/webapps/teChegaPraLer/AdminLivros.jsp'...
[Info  - 19:06:30.495] Found 2 issue(s)
[Info  - 19:06:32.066] Analyzing file 'file:///opt/tomcat/webapps/teChegaPraLer/AdminLivros.jsp'...
[Info  - 19:06:32.093] Found 2 issue(s)
[Info  - 19:06:35.869] Analyzing file 'file:///opt/tomcat/webapps/teChegaPraLer/AdminLivros.jsp'...
[Info  - 19:06:35.906] Found 2 issue(s)
[Info  - 19:06:37.070] Analyzing file 'file:///opt/tomcat/webapps/teChegaPraLer/AdminLivros.jsp'...
[Info  - 19:06:37.095] Found 2 issue(s)
[Info  - 19:06:39.473] Analyzing file 'file:///opt/tomcat/webapps/teChegaPraLer/AdminLivros.jsp'...
[Info  - 19:06:39.489] Found 2 issue(s)
[Info  - 19:06:40.273] Analyzing file 'file:///opt/tomcat/webapps/teChegaPraLer/AdminLivros.jsp'...
[Info  - 19:06:40.281] Found 2 issue(s)
[Info  - 19:06:41.674] Analyzing file 'file:///opt/tomcat/webapps/teChegaPraLer/AdminLivros.jsp'...
[Info  - 19:06:41.692] Found 2 issue(s)
[Info  - 19:06:43.276] Analyzing file 'file:///opt/tomcat/webapps/teChegaPraLer/AdminLivros.jsp'...
[Info  - 19:06:43.297] Found 2 issue(s)
[Info  - 19:06:44.276] Analyzing file 'file:///opt/tomcat/webapps/teChegaPraLer/AdminLivros.jsp'...
[Info  - 19:06:44.283] Found 2 issue(s)
[Info  - 19:06:46.077] Analyzing file 'file:///opt/tomcat/webapps/teChegaPraLer/AdminLivros.jsp'...
[Info  - 19:06:46.083] Found 2 issue(s)
[Info  - 19:06:47.078] Analyzing file 'file:///opt/tomcat/webapps/teChegaPraLer/AdminLivros.jsp'...
[Info  - 19:06:47.089] Found 2 issue(s)
[Info  - 19:06:48.879] Analyzing file 'file:///opt/tomcat/webapps/teChegaPraLer/AdminLivros.jsp'...
[Info  - 19:06:48.905] Found 2 issue(s)
[Info  - 19:06:50.281] Analyzing file 'file:///opt/tomcat/webapps/teChegaPraLer/AdminLivros.jsp'...
[Info  - 19:06:50.307] Found 2 issue(s)
[Info  - 19:06:51.682] Analyzing file 'file:///opt/tomcat/webapps/teChegaPraLer/AdminLivros.jsp'...
[Info  - 19:06:51.694] Found 2 issue(s)
[Info  - 19:06:52.683] Analyzing file 'file:///opt/tomcat/webapps/teChegaPraLer/AdminLivros.jsp'...
[Info  - 19:06:52.713] Found 2 issue(s)
[Info  - 19:06:55.286] Analyzing file 'file:///opt/tomcat/webapps/teChegaPraLer/AdminLivros.jsp'...
[Info  - 19:06:55.312] Found 2 issue(s)
[Info  - 19:06:56.887] Analyzing file 'file:///opt/tomcat/webapps/teChegaPraLer/AdminLivros.jsp'...
[Info  - 19:06:56.919] Found 2 issue(s)
[Info  - 19:06:57.488] Analyzing file 'file:///opt/tomcat/webapps/teChegaPraLer/AdminLivros.jsp'...
[Info  - 19:06:57.514] Found 2 issue(s)
[Info  - 19:06:58.689] Analyzing file 'file:///opt/tomcat/webapps/teChegaPraLer/AdminLivros.jsp'...
[Info  - 19:06:58.716] Found 2 issue(s)
[Info  - 19:07:05.895] Analyzing file 'file:///opt/tomcat/webapps/teChegaPraLer/AdminLivros.jsp'...
[Info  - 19:07:05.921] Found 2 issue(s)
[Info  - 19:07:08.698] Analyzing file 'file:///opt/tomcat/webapps/teChegaPraLer/AdminLivros.jsp'...
[Info  - 19:07:08.723] Found 2 issue(s)
[Info  - 19:07:12.501] Analyzing file 'file:///opt/tomcat/webapps/teChegaPraLer/AdminLivros.jsp'...
[Info  - 19:07:12.528] Found 3 issue(s)
[Info  - 19:07:13.102] Analyzing file 'file:///opt/tomcat/webapps/teChegaPraLer/AdminLivros.jsp'...
[Info  - 19:07:13.128] Found 3 issue(s)
[Info  - 19:07:15.505] Analyzing file 'file:///opt/tomcat/webapps/teChegaPraLer/AdminLivros.jsp'...
[Info  - 19:07:15.537] Found 3 issue(s)
[Info  - 19:07:16.106] Analyzing file 'file:///opt/tomcat/webapps/teChegaPraLer/AdminLivros.jsp'...
[Info  - 19:07:16.139] Found 3 issue(s)
[Info  - 19:07:16.706] Analyzing file 'file:///opt/tomcat/webapps/teChegaPraLer/AdminLivros.jsp'...
[Info  - 19:07:16.732] Found 3 issue(s)
[Info  - 19:07:19.309] Analyzing file 'file:///opt/tomcat/webapps/teChegaPraLer/AdminLivros.jsp'...
[Info  - 19:07:19.330] Found 2 issue(s)
[Info  - 19:07:36.724] Analyzing file 'file:///opt/tomcat/webapps/teChegaPraLer/AdminLivros.jsp'...
[Info  - 19:07:36.748] Found 2 issue(s)
[Info  - 19:07:39.127] Analyzing file 'file:///opt/tomcat/webapps/teChegaPraLer/AdminLivros.jsp'...
[Info  - 19:07:39.161] Found 3 issue(s)
[Info  - 19:07:41.529] Analyzing file 'file:///opt/tomcat/webapps/teChegaPraLer/AdminLivros.jsp'...
[Info  - 19:07:41.555] Found 3 issue(s)
[Info  - 19:07:44.132] Analyzing file 'file:///opt/tomcat/webapps/teChegaPraLer/AdminLivros.jsp'...
[Info  - 19:07:44.159] Found 2 issue(s)
[Info  - 19:07:47.535] Analyzing file 'file:///opt/tomcat/webapps/teChegaPraLer/AdminLivros.jsp'...
[Info  - 19:07:47.567] Found 3 issue(s)
[Info  - 19:07:49.136] Analyzing file 'file:///opt/tomcat/webapps/teChegaPraLer/AdminLivros.jsp'...
[Info  - 19:07:49.147] Found 3 issue(s)
[Info  - 19:07:51.339] Analyzing file 'file:///opt/tomcat/webapps/teChegaPraLer/AdminLivros.jsp'...
[Info  - 19:07:51.365] Found 3 issue(s)
[Info  - 19:08:09.755] Analyzing file 'file:///opt/tomcat/webapps/teChegaPraLer/AdminLivros.jsp'...
[Info  - 19:08:09.782] Found 3 issue(s)
[Info  - 19:08:11.156] Analyzing file 'file:///opt/tomcat/webapps/teChegaPraLer/AdminLivros.jsp'...
[Info  - 19:08:11.187] Found 3 issue(s)
[Info  - 19:08:12.958] Analyzing file 'file:///opt/tomcat/webapps/teChegaPraLer/AdminLivros.jsp'...
[Info  - 19:08:12.984] Found 3 issue(s)
[Info  - 19:08:13.959] Analyzing file 'file:///opt/tomcat/webapps/teChegaPraLer/AdminLivros.jsp'...
[Info  - 19:08:13.968] Found 3 issue(s)
[Info  - 19:08:16.561] Analyzing file 'file:///opt/tomcat/webapps/teChegaPraLer/AdminLivros.jsp'...
[Info  - 19:08:16.592] Found 3 issue(s)
[Info  - 19:08:17.162] Analyzing file 'file:///opt/tomcat/webapps/teChegaPraLer/AdminLivros.jsp'...
[Info  - 19:08:17.168] Found 3 issue(s)
[Info  - 19:08:17.963] Analyzing file 'file:///opt/tomcat/webapps/teChegaPraLer/AdminLivros.jsp'...
[Info  - 19:08:17.992] Found 3 issue(s)
[Info  - 19:08:21.165] Analyzing file 'file:///opt/tomcat/webapps/teChegaPraLer/AdminLivros.jsp'...
[Info  - 19:08:21.172] Found 3 issue(s)
[Info  - 19:08:21.966] Analyzing file 'file:///opt/tomcat/webapps/teChegaPraLer/AdminLivros.jsp'...
[Info  - 19:08:21.988] Found 2 issue(s)
[Info  - 19:08:29.173] Analyzing file 'file:///opt/tomcat/webapps/teChegaPraLer/AdminLivros.jsp'...
[Info  - 19:08:29.198] Found 2 issue(s)
[Info  - 19:08:32.977] Analyzing file 'file:///opt/tomcat/webapps/teChegaPraLer/AdminLivros.jsp'...
[Info  - 19:08:33.006] Found 3 issue(s)
[Info  - 19:08:33.577] Analyzing file 'file:///opt/tomcat/webapps/teChegaPraLer/AdminLivros.jsp'...
[Info  - 19:08:33.594] Found 3 issue(s)
[Info  - 19:08:36.980] Analyzing file 'file:///opt/tomcat/webapps/teChegaPraLer/AdminLivros.jsp'...
[Info  - 19:08:37.005] Found 3 issue(s)
[Info  - 19:08:38.581] Analyzing file 'file:///opt/tomcat/webapps/teChegaPraLer/AdminLivros.jsp'...
[Info  - 19:08:38.609] Found 2 issue(s)
[Info  - 19:08:42.185] Analyzing file 'file:///opt/tomcat/webapps/teChegaPraLer/AdminLivros.jsp'...
[Info  - 19:08:42.210] Found 3 issue(s)
[Info  - 19:08:47.390] Analyzing file 'file:///opt/tomcat/webapps/teChegaPraLer/AdminLivros.jsp'...
[Info  - 19:08:47.411] Found 2 issue(s)
[Info  - 19:08:49.391] Analyzing file 'file:///opt/tomcat/webapps/teChegaPraLer/AdminLivros.jsp'...
[Info  - 19:08:49.411] Found 3 issue(s)
[Info  - 19:08:50.001] Analyzing file 'file:///opt/tomcat/webapps/teChegaPraLer/AdminLivros.jsp'...
[Info  - 19:08:50.011] Found 3 issue(s)
[Info  - 19:08:50.191] Analyzing file 'file:///opt/tomcat/webapps/teChegaPraLer/AdminLivros.jsp'...
[Info  - 19:08:50.209] Found 3 issue(s)
[Info  - 19:09:47.841] Analyzing file 'file:///opt/tomcat/webapps/teChegaPraLer/AdminLivros.jsp'...
[Info  - 19:09:47.857] Found 3 issue(s)
[Info  - 19:11:45.943] Analyzing file 'file:///opt/tomcat/webapps/teChegaPraLer/AdminLivros.jsp'...
[Info  - 19:11:45.960] Found 3 issue(s)
[Info  - 19:11:46.744] Analyzing file 'file:///opt/tomcat/webapps/teChegaPraLer/AdminLivros.jsp'...
[Info  - 19:11:46.754] Found 3 issue(s)
[Info  - 19:11:47.545] Analyzing file 'file:///opt/tomcat/webapps/teChegaPraLer/AdminLivros.jsp'...
[Info  - 19:11:47.567] Found 3 issue(s)
[Info  - 19:11:48.946] Analyzing file 'file:///opt/tomcat/webapps/teChegaPraLer/AdminLivros.jsp'...
[Info  - 19:11:48.967] Found 3 issue(s)
[Info  - 19:11:49.746] Analyzing file 'file:///opt/tomcat/webapps/teChegaPraLer/AdminLivros.jsp'...
[Info  - 19:11:49.755] Found 3 issue(s)
[Info  - 19:11:50.137] Analyzing file 'file:///opt/tomcat/webapps/teChegaPraLer/AdminLivros.jsp'...
[Info  - 19:11:50.144] Found 3 issue(s)
[Info  - 19:11:50.547] Analyzing file 'file:///opt/tomcat/webapps/teChegaPraLer/AdminLivros.jsp'...
[Info  - 19:11:50.570] Found 3 issue(s)
[Info  - 19:12:02.358] Analyzing file 'file:///opt/tomcat/webapps/teChegaPraLer/AdminLivros.jsp'...
[Info  - 19:12:02.390] Found 3 issue(s)
[Info  - 19:12:02.958] Analyzing file 'file:///opt/tomcat/webapps/teChegaPraLer/AdminLivros.jsp'...
[Info  - 19:12:02.991] Found 3 issue(s)
[Info  - 19:12:03.454] Analyzing file 'file:///opt/tomcat/webapps/teChegaPraLer/AdminLivros.jsp'...
[Info  - 19:12:03.481] Found 3 issue(s)
[Info  - 19:12:03.959] Analyzing file 'file:///opt/tomcat/webapps/teChegaPraLer/AdminLivros.jsp'...
[Info  - 19:12:03.978] Found 3 issue(s)
[Info  - 19:12:18.372] Analyzing file 'file:///opt/tomcat/webapps/teChegaPraLer/AdminLivros.jsp'...
[Info  - 19:12:18.393] Found 3 issue(s)
[Info  - 19:12:19.974] Analyzing file 'file:///opt/tomcat/webapps/teChegaPraLer/AdminLivros.jsp'...
[Info  - 19:12:19.997] Found 3 issue(s)
[Info  - 19:12:20.975] Analyzing file 'file:///opt/tomcat/webapps/teChegaPraLer/AdminLivros.jsp'...
[Info  - 19:12:21.010] Found 3 issue(s)
[Info  - 19:12:21.775] Analyzing file 'file:///opt/tomcat/webapps/teChegaPraLer/AdminLivros.jsp'...
[Info  - 19:12:21.806] Found 3 issue(s)
[Info  - 19:12:28.182] Analyzing file 'file:///opt/tomcat/webapps/teChegaPraLer/AdminLivros.jsp'...
[Info  - 19:12:28.207] Found 3 issue(s)
[Info  - 19:12:32.986] Analyzing file 'file:///opt/tomcat/webapps/teChegaPraLer/AdminLivros.jsp'...
[Info  - 19:12:33.012] Found 3 issue(s)
[Info  - 19:12:40.793] Analyzing file 'file:///opt/tomcat/webapps/teChegaPraLer/AdminLivros.jsp'...
[Info  - 19:12:40.818] Found 2 issue(s)
[Info  - 19:12:42.594] Analyzing file 'file:///opt/tomcat/webapps/teChegaPraLer/AdminLivros.jsp'...
[Info  - 19:12:42.616] Found 3 issue(s)
[Info  - 19:12:45.196] Analyzing file 'file:///opt/tomcat/webapps/teChegaPraLer/AdminLivros.jsp'...
[Info  - 19:12:45.224] Found 3 issue(s)
[Info  - 19:12:47.198] Analyzing file 'file:///opt/tomcat/webapps/teChegaPraLer/AdminLivros.jsp'...
[Info  - 19:12:47.222] Found 3 issue(s)
[Info  - 19:12:57.407] Analyzing file 'file:///opt/tomcat/webapps/teChegaPraLer/AdminLivros.jsp'...
[Info  - 19:12:57.428] Found 2 issue(s)
[Info  - 19:12:59.609] Analyzing file 'file:///opt/tomcat/webapps/teChegaPraLer/AdminLivros.jsp'...
[Info  - 19:12:59.629] Found 2 issue(s)
[Info  - 19:13:00.445] Analyzing file 'file:///opt/tomcat/webapps/teChegaPraLer/AdminLivros.jsp'...
[Info  - 19:13:00.452] Found 2 issue(s)
[Info  - 19:13:00.609] Analyzing file 'file:///opt/tomcat/webapps/teChegaPraLer/AdminLivros.jsp'...
[Info  - 19:13:00.622] Found 2 issue(s)
[Info  - 19:13:07.666] Analyzing file 'file:///opt/tomcat/webapps/teChegaPraLer/AdminLivros.jsp'...
[Info  - 19:13:07.674] Found 2 issue(s)
[Info  - 19:13:39.721] Analyzing file 'file:///opt/tomcat/webapps/teChegaPraLer/AdminLivros.jsp'...
[Info  - 19:13:39.728] Found 3 issue(s)
[Info  - 19:13:40.243] Analyzing file 'file:///opt/tomcat/webapps/teChegaPraLer/AdminLivros.jsp'...
[Info  - 19:13:40.270] Found 3 issue(s)
[Info  - 19:16:21.121] Analyzing file 'file:///opt/tomcat/webapps/teChegaPraLer/AdminLivros.jsp'...
[Info  - 19:16:21.130] Found 3 issue(s)
[Info  - 19:16:21.581] Analyzing file 'file:///opt/tomcat/webapps/teChegaPraLer/AdminLivros.jsp'...
[Info  - 19:16:21.588] Found 3 issue(s)
[Info  - 19:26:33.909] Analyzing file 'file:///opt/tomcat/webapps/teChegaPraLer/AdminLivros.jsp'...
[Info  - 19:26:33.924] Found 3 issue(s)
