[Info  - 09:13:14.645] Analyzing file 'file:///opt/tomcat/webapps/dwjmv/listar_contatos.jsp'...
[Info  - 09:13:18.631] Found 2 issue(s)
[Info  - 09:14:42.921] Analyzing file 'file:///opt/tomcat/webapps/dwjbiblio/index.html'...
[Info  - 09:14:43.012] Found 3 issue(s)
[Info  - 09:14:44.583] Analyzing file 'file:///opt/tomcat/webapps/dwjbiblio/extrato.jsp'...
[Info  - 09:14:44.694] Found 2 issue(s)
[Info  - 09:49:19.618] Analyzing file 'file:///opt/tomcat/webapps/dwjbiblio/extrato.jsp'...
[Info  - 09:49:19.749] Found 2 issue(s)
[Info  - 10:19:46.260] Analyzing file 'file:///opt/tomcat/webapps/dwjbiblio/noautenticacao.html'...
[Info  - 10:19:46.366] Found 3 issue(s)
[Info  - 10:19:47.047] Analyzing file 'file:///opt/tomcat/webapps/dwjbiblio/reservado.html'...
[Info  - 10:19:47.194] Found 2 issue(s)
[Info  - 10:19:50.513] Analyzing file 'file:///opt/tomcat/webapps/dwjbiblio/autenticacao.jsp'...
[Info  - 10:19:50.688] Found 3 issue(s)
[Info  - 10:19:59.888] Analyzing file 'file:///opt/tomcat/webapps/dwjbiblio/index.html'...
[Info  - 10:19:59.996] Found 3 issue(s)
[Info  - 15:19:09.895] Analyzing file 'file:///opt/tomcat/webapps/dwjsession/C12Login.jsp'...
[Info  - 15:19:09.964] Found 2 issue(s)
[Info  - 15:19:16.676] Analyzing file 'file:///opt/tomcat/webapps/dwjsession/C13Vitrine.jsp'...
[Info  - 15:19:16.778] Found 7 issue(s)
[Info  - 15:19:17.192] Analyzing file 'file:///opt/tomcat/webapps/dwjsession/C17Login2.jsp'...
[Info  - 15:19:17.282] Found 2 issue(s)
[Info  - 15:20:11.834] Analyzing file 'file:///opt/tomcat/webapps/dwjmv/index.html'...
[Info  - 15:20:11.863] Found 2 issue(s)
[Info  - 15:20:12.982] Analyzing file 'file:///opt/tomcat/webapps/dwjmv/listar_contatos.jsp'...
[Info  - 15:20:13.064] Found 2 issue(s)
[Info  - 15:24:26.745] Analyzing file 'file:///opt/tomcat/webapps/dwjmv/index.html'...
[Info  - 15:24:26.771] Found 2 issue(s)
[Info  - 15:24:27.938] Analyzing file 'file:///opt/tomcat/webapps/dwjmv/listar_contatos.jsp'...
[Info  - 15:24:28.011] Found 2 issue(s)
[Info  - 15:24:35.002] Analyzing file 'file:///opt/tomcat/webapps/dwjbiblio/index.html'...
[Info  - 15:24:35.506] Found 3 issue(s)
[Info  - 16:40:30.803] Analyzing file 'file:///opt/tomcat/webapps/dwj20201030/jsp/C09EscolaSituacaoAluno.jsp'...
[Info  - 16:40:30.870] Found 3 issue(s)
[Info  - 16:40:31.974] Analyzing file 'file:///opt/tomcat/webapps/dwj20201030/jsp/C06FormularioNomeSexo.jsp'...
[Info  - 16:40:32.017] Found 2 issue(s)
[Info  - 16:40:38.481] Analyzing file 'file:///opt/tomcat/webapps/dwjdb/C02ConexaoBdTeste.jsp'...
[Info  - 16:40:38.514] Found 2 issue(s)
[Info  - 16:40:49.693] Analyzing file 'file:///opt/tomcat/webapps/dwjsession/quiz.html'...
[Info  - 16:40:49.734] Found 2 issue(s)
[Info  - 16:40:50.214] Analyzing file 'file:///opt/tomcat/webapps/dwjsession/C20ItensCarrinho.jsp'...
[Info  - 16:40:50.243] Found 4 issue(s)
[Info  - 16:40:50.729] Analyzing file 'file:///opt/tomcat/webapps/dwjsession/C19Carrinho.jsp'...
[Info  - 16:40:50.769] Found 2 issue(s)
