[2020-11-05 17:26:21.615] [exthost] [info] extension host started
[2020-11-05 17:26:22.007] [exthost] [info] ExtensionService#_doActivateExtension vscode.microsoft-authentication {"startup":false,"extensionId":{"value":"vscode.microsoft-authentication","_lower":"vscode.microsoft-authentication"},"activationEvent":"onAuthenticationRequest:microsoft"}
[2020-11-05 17:26:22.007] [exthost] [info] ExtensionService#loadCommonJSModule file:///usr/share/code/resources/app/extensions/microsoft-authentication/dist/extension.js
[2020-11-05 17:26:22.033] [exthost] [info] ExtensionService#_doActivateExtension redhat.java {"startup":false,"extensionId":{"value":"vscjava.vscode-java-test","_lower":"vscjava.vscode-java-test"},"activationEvent":"onLanguage:java"}
[2020-11-05 17:26:22.033] [exthost] [info] ExtensionService#loadCommonJSModule file:///home/samirsouza/.vscode/extensions/redhat.java-0.70.0/dist/extension
[2020-11-05 17:26:22.564] [exthost] [info] ExtensionService#_doActivateExtension vscode.typescript-language-features {"startup":false,"extensionId":{"value":"SonarSource.sonarlint-vscode","_lower":"sonarsource.sonarlint-vscode"},"activationEvent":"onLanguage:java"}
[2020-11-05 17:26:22.564] [exthost] [info] ExtensionService#loadCommonJSModule file:///usr/share/code/resources/app/extensions/typescript-language-features/dist/extension
[2020-11-05 17:26:22.613] [exthost] [info] ExtensionService#_doActivateExtension VisualStudioExptTeam.vscodeintellicode {"startup":false,"extensionId":{"value":"VisualStudioExptTeam.vscodeintellicode","_lower":"visualstudioexptteam.vscodeintellicode"},"activationEvent":"onLanguage:java"}
[2020-11-05 17:26:22.613] [exthost] [info] ExtensionService#loadCommonJSModule file:///home/samirsouza/.vscode/extensions/visualstudioexptteam.vscodeintellicode-1.2.10/dist/intellicode
[2020-11-05 17:26:22.797] [exthost] [info] ExtensionService#_doActivateExtension vscjava.vscode-java-debug {"startup":false,"extensionId":{"value":"vscjava.vscode-java-test","_lower":"vscjava.vscode-java-test"},"activationEvent":"onLanguage:java"}
[2020-11-05 17:26:22.797] [exthost] [info] ExtensionService#loadCommonJSModule file:///home/samirsouza/.vscode/extensions/vscjava.vscode-java-debug-0.29.0/dist/extension
[2020-11-05 17:26:22.834] [exthost] [info] ExtensionService#_doActivateExtension vscjava.vscode-java-dependency {"startup":false,"extensionId":{"value":"vscjava.vscode-java-dependency","_lower":"vscjava.vscode-java-dependency"},"activationEvent":"onLanguage:java"}
[2020-11-05 17:26:22.839] [exthost] [info] ExtensionService#loadCommonJSModule file:///home/samirsouza/.vscode/extensions/vscjava.vscode-java-dependency-0.14.0/dist/extension
[2020-11-05 17:26:22.897] [exthost] [info] ExtensionService#_doActivateExtension vscjava.vscode-java-pack {"startup":false,"extensionId":{"value":"vscjava.vscode-java-pack","_lower":"vscjava.vscode-java-pack"},"activationEvent":"onLanguage:java"}
[2020-11-05 17:26:22.898] [exthost] [info] ExtensionService#loadCommonJSModule file:///home/samirsouza/.vscode/extensions/vscjava.vscode-java-pack-0.10.0/out/extension
[2020-11-05 17:26:23.041] [exthost] [info] ExtensionService#_doActivateExtension ms-vscode.js-debug {"startup":false,"extensionId":{"value":"ms-vscode.js-debug","_lower":"ms-vscode.js-debug"},"activationEvent":"onDebugDynamicConfigurations"}
[2020-11-05 17:26:23.042] [exthost] [info] ExtensionService#loadCommonJSModule file:///usr/share/code/resources/app/extensions/ms-vscode.js-debug/src/extension.js
[2020-11-05 17:26:23.534] [exthost] [info] ExtensionService#_doActivateExtension vscode.debug-auto-launch {"startup":true,"extensionId":{"value":"vscode.debug-auto-launch","_lower":"vscode.debug-auto-launch"},"activationEvent":"*"}
[2020-11-05 17:26:23.534] [exthost] [info] ExtensionService#loadCommonJSModule file:///usr/share/code/resources/app/extensions/debug-auto-launch/dist/extension
[2020-11-05 17:26:23.537] [exthost] [info] ExtensionService#_doActivateExtension vscode.emmet {"startup":true,"extensionId":{"value":"vscode.emmet","_lower":"vscode.emmet"},"activationEvent":"*"}
[2020-11-05 17:26:23.537] [exthost] [info] ExtensionService#loadCommonJSModule file:///usr/share/code/resources/app/extensions/emmet/dist/node/emmetNodeMain
[2020-11-05 17:26:23.561] [exthost] [info] ExtensionService#_doActivateExtension vscode.git {"startup":true,"extensionId":{"value":"vscode.github","_lower":"vscode.github"},"activationEvent":"*"}
[2020-11-05 17:26:23.569] [exthost] [info] ExtensionService#loadCommonJSModule file:///usr/share/code/resources/app/extensions/git/dist/main
[2020-11-05 17:26:23.699] [exthost] [info] ExtensionService#_doActivateExtension vscode.merge-conflict {"startup":true,"extensionId":{"value":"vscode.merge-conflict","_lower":"vscode.merge-conflict"},"activationEvent":"*"}
[2020-11-05 17:26:23.700] [exthost] [info] ExtensionService#loadCommonJSModule file:///usr/share/code/resources/app/extensions/merge-conflict/dist/mergeConflictMain
[2020-11-05 17:26:23.710] [exthost] [info] ExtensionService#_doActivateExtension vscode.search-result {"startup":true,"extensionId":{"value":"vscode.search-result","_lower":"vscode.search-result"},"activationEvent":"*"}
[2020-11-05 17:26:23.712] [exthost] [info] ExtensionService#loadCommonJSModule file:///usr/share/code/resources/app/extensions/search-result/dist/extension.js
[2020-11-05 17:26:23.716] [exthost] [info] ExtensionService#_doActivateExtension Compulim.vscode-clock {"startup":true,"extensionId":{"value":"Compulim.vscode-clock","_lower":"compulim.vscode-clock"},"activationEvent":"*"}
[2020-11-05 17:26:23.717] [exthost] [info] ExtensionService#loadCommonJSModule file:///home/samirsouza/.vscode/extensions/compulim.vscode-clock-0.0.1/extension
[2020-11-05 17:26:23.736] [exthost] [info] ExtensionService#_doActivateExtension formulahendry.auto-close-tag {"startup":true,"extensionId":{"value":"formulahendry.auto-close-tag","_lower":"formulahendry.auto-close-tag"},"activationEvent":"*"}
[2020-11-05 17:26:23.736] [exthost] [info] ExtensionService#loadCommonJSModule file:///home/samirsouza/.vscode/extensions/formulahendry.auto-close-tag-0.5.9/out/src/extension
[2020-11-05 17:26:23.739] [exthost] [info] ExtensionService#_doActivateExtension formulahendry.auto-rename-tag {"startup":true,"extensionId":{"value":"formulahendry.auto-rename-tag","_lower":"formulahendry.auto-rename-tag"},"activationEvent":"*"}
[2020-11-05 17:26:23.740] [exthost] [info] ExtensionService#loadCommonJSModule file:///home/samirsouza/.vscode/extensions/formulahendry.auto-rename-tag-0.1.5/packages/extension/dist/extensionMain.js
[2020-11-05 17:26:23.758] [exthost] [info] ExtensionService#_doActivateExtension PKief.material-icon-theme {"startup":true,"extensionId":{"value":"PKief.material-icon-theme","_lower":"pkief.material-icon-theme"},"activationEvent":"*"}
[2020-11-05 17:26:23.758] [exthost] [info] ExtensionService#loadCommonJSModule file:///home/samirsouza/.vscode/extensions/pkief.material-icon-theme-4.4.0/dist/extension
[2020-11-05 17:26:23.770] [exthost] [info] ExtensionService#_doActivateExtension ritwickdey.LiveServer {"startup":true,"extensionId":{"value":"ritwickdey.LiveServer","_lower":"ritwickdey.liveserver"},"activationEvent":"*"}
[2020-11-05 17:26:23.770] [exthost] [info] ExtensionService#loadCommonJSModule file:///home/samirsouza/.vscode/extensions/ritwickdey.liveserver-5.6.1/out/src/extension
[2020-11-05 17:26:25.141] [exthost] [info] ExtensionService#_doActivateExtension WakaTime.vscode-wakatime {"startup":true,"extensionId":{"value":"WakaTime.vscode-wakatime","_lower":"wakatime.vscode-wakatime"},"activationEvent":"*"}
[2020-11-05 17:26:25.141] [exthost] [info] ExtensionService#loadCommonJSModule file:///home/samirsouza/.vscode/extensions/wakatime.vscode-wakatime-4.0.9/dist/extension
[2020-11-05 17:26:25.363] [exthost] [error] Activating extension redhat.java failed due to an error:
[2020-11-05 17:26:25.363] [exthost] [error] {"message":"Java 11 or more recent is required to run the Java extension. Please download and install a recent JDK. You can still compile your projects with older JDKs by configuring [`java.configuration.runtimes`](https://github.com/redhat-developer/vscode-java/wiki/JDK-Requirements#java.configuration.runtimes)","label":"Get the Java Development Kit","command":"vscode.open","commandParam":{"$mid":1,"path":"/products/openjdk/download/","scheme":"https","authority":"developers.redhat.com","query":"sc_cid=701f2000000RWTnAAO"}}
[2020-11-05 17:26:26.065] [exthost] [info] ExtensionService#_doActivateExtension vscode.github {"startup":true,"extensionId":{"value":"vscode.github","_lower":"vscode.github"},"activationEvent":"*"}
[2020-11-05 17:26:26.065] [exthost] [info] ExtensionService#loadCommonJSModule file:///usr/share/code/resources/app/extensions/github/dist/extension.js
[2020-11-05 17:26:26.114] [exthost] [info] ExtensionService#_doActivateExtension vscode.github-authentication {"startup":false,"extensionId":{"value":"vscode.github-authentication","_lower":"vscode.github-authentication"},"activationEvent":"onAuthenticationRequest:github"}
[2020-11-05 17:26:26.114] [exthost] [info] ExtensionService#loadCommonJSModule file:///usr/share/code/resources/app/extensions/github-authentication/dist/extension.js
[2020-11-05 17:26:26.130] [exthost] [info] eager extensions activated
[2020-11-05 17:26:31.939] [exthost] [info] ExtensionService#_doActivateExtension SonarSource.sonarlint-vscode {"startup":false,"extensionId":{"value":"SonarSource.sonarlint-vscode","_lower":"sonarsource.sonarlint-vscode"},"activationEvent":"onLanguage:java"}
[2020-11-05 17:26:31.939] [exthost] [info] ExtensionService#loadCommonJSModule file:///home/samirsouza/.vscode/extensions/sonarsource.sonarlint-vscode-1.18.0/dist/extension
[2020-11-05 17:50:58.528] [exthost] [info] ExtensionService#_doActivateExtension DotJoshJohnson.xml {"startup":false,"extensionId":{"value":"DotJoshJohnson.xml","_lower":"dotjoshjohnson.xml"},"activationEvent":"onLanguage:xml"}
[2020-11-05 17:50:58.528] [exthost] [info] ExtensionService#loadCommonJSModule file:///home/samirsouza/.vscode/extensions/dotjoshjohnson.xml-2.5.1/out/extension
[2020-11-05 17:50:58.827] [exthost] [info] ExtensionService#_doActivateExtension redhat.vscode-xml {"startup":false,"extensionId":{"value":"redhat.vscode-xml","_lower":"redhat.vscode-xml"},"activationEvent":"onLanguage:xml"}
[2020-11-05 17:50:58.827] [exthost] [info] ExtensionService#loadCommonJSModule file:///home/samirsouza/.vscode/extensions/redhat.vscode-xml-0.13.0/dist/extension
[2020-11-05 17:50:58.853] [exthost] [info] ExtensionService#_doActivateExtension vscjava.vscode-maven {"startup":false,"extensionId":{"value":"vscjava.vscode-maven","_lower":"vscjava.vscode-maven"},"activationEvent":"onLanguage:xml"}
[2020-11-05 17:50:58.854] [exthost] [info] ExtensionService#loadCommonJSModule file:///home/samirsouza/.vscode/extensions/vscjava.vscode-maven-0.25.0/dist/extension
[2020-11-05 17:50:59.609] [exthost] [warning] [redhat.vscode-xml] Accessing a resource scoped configuration without providing a resource is not expected. To get the effective value for '[xml]', provide the URI of a resource or 'null' for any resource.
[2020-11-05 17:53:51.746] [exthost] [info] ExtensionService#_doActivateExtension vscode.html-language-features {"startup":false,"extensionId":{"value":"vscode.html-language-features","_lower":"vscode.html-language-features"},"activationEvent":"onLanguage:html"}
[2020-11-05 17:53:51.747] [exthost] [info] ExtensionService#loadCommonJSModule file:///usr/share/code/resources/app/extensions/html-language-features/client/dist/node/htmlClientMain
[2020-11-05 17:53:51.791] [exthost] [info] ExtensionService#_doActivateExtension Angular.ng-template {"startup":false,"extensionId":{"value":"Angular.ng-template","_lower":"angular.ng-template"},"activationEvent":"onLanguage:html"}
[2020-11-05 17:53:51.793] [exthost] [info] ExtensionService#loadCommonJSModule file:///home/samirsouza/.vscode/extensions/angular.ng-template-0.1001.1/client
[2020-11-05 22:53:55.281] [exthost] [info] ExtensionService#_doActivateExtension vscode.image-preview {"startup":false,"extensionId":{"value":"vscode.image-preview","_lower":"vscode.image-preview"},"activationEvent":"onCustomEditor:imagePreview.previewEditor"}
[2020-11-05 22:53:55.283] [exthost] [info] ExtensionService#loadCommonJSModule file:///usr/share/code/resources/app/extensions/image-preview/dist/extension
