[2020-11-05 17:26:25.999] [exthost] [info] extension host started
[2020-11-05 17:26:26.650] [exthost] [info] ExtensionService#_doActivateExtension vscode.microsoft-authentication {"startup":false,"extensionId":{"value":"vscode.microsoft-authentication","_lower":"vscode.microsoft-authentication"},"activationEvent":"onAuthenticationRequest:microsoft"}
[2020-11-05 17:26:26.650] [exthost] [info] ExtensionService#loadCommonJSModule file:///usr/share/code/resources/app/extensions/microsoft-authentication/dist/extension.js
[2020-11-05 17:26:26.665] [exthost] [info] ExtensionService#_doActivateExtension ms-vscode.js-debug {"startup":false,"extensionId":{"value":"ms-vscode.js-debug","_lower":"ms-vscode.js-debug"},"activationEvent":"onDebugDynamicConfigurations"}
[2020-11-05 17:26:26.667] [exthost] [info] ExtensionService#loadCommonJSModule file:///usr/share/code/resources/app/extensions/ms-vscode.js-debug/src/extension.js
[2020-11-05 17:26:27.050] [exthost] [info] ExtensionService#_doActivateExtension redhat.java {"startup":false,"extensionId":{"value":"vscjava.vscode-java-test","_lower":"vscjava.vscode-java-test"},"activationEvent":"onLanguage:java"}
[2020-11-05 17:26:27.056] [exthost] [info] ExtensionService#loadCommonJSModule file:///home/samirsouza/.vscode/extensions/redhat.java-0.70.0/dist/extension
[2020-11-05 17:26:27.348] [exthost] [info] ExtensionService#_doActivateExtension vscode.typescript-language-features {"startup":false,"extensionId":{"value":"SonarSource.sonarlint-vscode","_lower":"sonarsource.sonarlint-vscode"},"activationEvent":"onLanguage:java"}
[2020-11-05 17:26:27.365] [exthost] [info] ExtensionService#loadCommonJSModule file:///usr/share/code/resources/app/extensions/typescript-language-features/dist/extension
[2020-11-05 17:26:27.411] [exthost] [info] ExtensionService#_doActivateExtension VisualStudioExptTeam.vscodeintellicode {"startup":false,"extensionId":{"value":"VisualStudioExptTeam.vscodeintellicode","_lower":"visualstudioexptteam.vscodeintellicode"},"activationEvent":"onLanguage:java"}
[2020-11-05 17:26:27.422] [exthost] [info] ExtensionService#loadCommonJSModule file:///home/samirsouza/.vscode/extensions/visualstudioexptteam.vscodeintellicode-1.2.10/dist/intellicode
[2020-11-05 17:26:27.790] [exthost] [info] ExtensionService#_doActivateExtension vscjava.vscode-java-debug {"startup":false,"extensionId":{"value":"vscjava.vscode-java-test","_lower":"vscjava.vscode-java-test"},"activationEvent":"onLanguage:java"}
[2020-11-05 17:26:27.791] [exthost] [info] ExtensionService#loadCommonJSModule file:///home/samirsouza/.vscode/extensions/vscjava.vscode-java-debug-0.29.0/dist/extension
[2020-11-05 17:26:27.880] [exthost] [info] ExtensionService#_doActivateExtension vscjava.vscode-java-dependency {"startup":false,"extensionId":{"value":"vscjava.vscode-java-dependency","_lower":"vscjava.vscode-java-dependency"},"activationEvent":"onLanguage:java"}
[2020-11-05 17:26:27.881] [exthost] [info] ExtensionService#loadCommonJSModule file:///home/samirsouza/.vscode/extensions/vscjava.vscode-java-dependency-0.14.0/dist/extension
[2020-11-05 17:26:27.973] [exthost] [info] ExtensionService#_doActivateExtension vscjava.vscode-java-pack {"startup":false,"extensionId":{"value":"vscjava.vscode-java-pack","_lower":"vscjava.vscode-java-pack"},"activationEvent":"onLanguage:java"}
[2020-11-05 17:26:27.975] [exthost] [info] ExtensionService#loadCommonJSModule file:///home/samirsouza/.vscode/extensions/vscjava.vscode-java-pack-0.10.0/out/extension
[2020-11-05 17:26:28.100] [exthost] [info] ExtensionService#_doActivateExtension vscode.debug-auto-launch {"startup":true,"extensionId":{"value":"vscode.debug-auto-launch","_lower":"vscode.debug-auto-launch"},"activationEvent":"*"}
[2020-11-05 17:26:28.102] [exthost] [info] ExtensionService#loadCommonJSModule file:///usr/share/code/resources/app/extensions/debug-auto-launch/dist/extension
[2020-11-05 17:26:28.108] [exthost] [info] ExtensionService#_doActivateExtension vscode.emmet {"startup":true,"extensionId":{"value":"vscode.emmet","_lower":"vscode.emmet"},"activationEvent":"*"}
[2020-11-05 17:26:28.109] [exthost] [info] ExtensionService#loadCommonJSModule file:///usr/share/code/resources/app/extensions/emmet/dist/node/emmetNodeMain
[2020-11-05 17:26:28.193] [exthost] [info] ExtensionService#_doActivateExtension vscode.git {"startup":true,"extensionId":{"value":"vscode.github","_lower":"vscode.github"},"activationEvent":"*"}
[2020-11-05 17:26:28.193] [exthost] [info] ExtensionService#loadCommonJSModule file:///usr/share/code/resources/app/extensions/git/dist/main
[2020-11-05 17:26:28.275] [exthost] [info] ExtensionService#_doActivateExtension vscode.merge-conflict {"startup":true,"extensionId":{"value":"vscode.merge-conflict","_lower":"vscode.merge-conflict"},"activationEvent":"*"}
[2020-11-05 17:26:28.280] [exthost] [info] ExtensionService#loadCommonJSModule file:///usr/share/code/resources/app/extensions/merge-conflict/dist/mergeConflictMain
[2020-11-05 17:26:28.288] [exthost] [info] ExtensionService#_doActivateExtension vscode.search-result {"startup":true,"extensionId":{"value":"vscode.search-result","_lower":"vscode.search-result"},"activationEvent":"*"}
[2020-11-05 17:26:28.289] [exthost] [info] ExtensionService#loadCommonJSModule file:///usr/share/code/resources/app/extensions/search-result/dist/extension.js
[2020-11-05 17:26:28.291] [exthost] [info] ExtensionService#_doActivateExtension Compulim.vscode-clock {"startup":true,"extensionId":{"value":"Compulim.vscode-clock","_lower":"compulim.vscode-clock"},"activationEvent":"*"}
[2020-11-05 17:26:28.295] [exthost] [info] ExtensionService#loadCommonJSModule file:///home/samirsouza/.vscode/extensions/compulim.vscode-clock-0.0.1/extension
[2020-11-05 17:26:28.303] [exthost] [info] ExtensionService#_doActivateExtension formulahendry.auto-close-tag {"startup":true,"extensionId":{"value":"formulahendry.auto-close-tag","_lower":"formulahendry.auto-close-tag"},"activationEvent":"*"}
[2020-11-05 17:26:28.304] [exthost] [info] ExtensionService#loadCommonJSModule file:///home/samirsouza/.vscode/extensions/formulahendry.auto-close-tag-0.5.9/out/src/extension
[2020-11-05 17:26:28.314] [exthost] [info] ExtensionService#_doActivateExtension formulahendry.auto-rename-tag {"startup":true,"extensionId":{"value":"formulahendry.auto-rename-tag","_lower":"formulahendry.auto-rename-tag"},"activationEvent":"*"}
[2020-11-05 17:26:28.321] [exthost] [info] ExtensionService#loadCommonJSModule file:///home/samirsouza/.vscode/extensions/formulahendry.auto-rename-tag-0.1.5/packages/extension/dist/extensionMain.js
[2020-11-05 17:26:28.333] [exthost] [info] ExtensionService#_doActivateExtension PKief.material-icon-theme {"startup":true,"extensionId":{"value":"PKief.material-icon-theme","_lower":"pkief.material-icon-theme"},"activationEvent":"*"}
[2020-11-05 17:26:28.352] [exthost] [info] ExtensionService#loadCommonJSModule file:///home/samirsouza/.vscode/extensions/pkief.material-icon-theme-4.4.0/dist/extension
[2020-11-05 17:26:28.380] [exthost] [info] ExtensionService#_doActivateExtension ritwickdey.LiveServer {"startup":true,"extensionId":{"value":"ritwickdey.LiveServer","_lower":"ritwickdey.liveserver"},"activationEvent":"*"}
[2020-11-05 17:26:28.396] [exthost] [info] ExtensionService#loadCommonJSModule file:///home/samirsouza/.vscode/extensions/ritwickdey.liveserver-5.6.1/out/src/extension
[2020-11-05 17:26:29.886] [exthost] [info] ExtensionService#_doActivateExtension WakaTime.vscode-wakatime {"startup":true,"extensionId":{"value":"WakaTime.vscode-wakatime","_lower":"wakatime.vscode-wakatime"},"activationEvent":"*"}
[2020-11-05 17:26:29.886] [exthost] [info] ExtensionService#loadCommonJSModule file:///home/samirsouza/.vscode/extensions/wakatime.vscode-wakatime-4.0.9/dist/extension
[2020-11-05 17:26:30.238] [exthost] [info] ExtensionService#_doActivateExtension vscjava.vscode-maven {"startup":true,"extensionId":{"value":"vscjava.vscode-maven","_lower":"vscjava.vscode-maven"},"activationEvent":"workspaceContains:**/pom.xml"}
[2020-11-05 17:26:30.238] [exthost] [info] ExtensionService#loadCommonJSModule file:///home/samirsouza/.vscode/extensions/vscjava.vscode-maven-0.25.0/dist/extension
[2020-11-05 17:26:31.299] [exthost] [error] Activating extension redhat.java failed due to an error:
[2020-11-05 17:26:31.300] [exthost] [error] {"message":"Java 11 or more recent is required to run the Java extension. Please download and install a recent JDK. You can still compile your projects with older JDKs by configuring [`java.configuration.runtimes`](https://github.com/redhat-developer/vscode-java/wiki/JDK-Requirements#java.configuration.runtimes)","label":"Get the Java Development Kit","command":"vscode.open","commandParam":{"$mid":1,"path":"/products/openjdk/download/","scheme":"https","authority":"developers.redhat.com","query":"sc_cid=701f2000000RWTnAAO"}}
[2020-11-05 17:26:31.469] [exthost] [info] ExtensionService#_doActivateExtension vscode.github {"startup":true,"extensionId":{"value":"vscode.github","_lower":"vscode.github"},"activationEvent":"*"}
[2020-11-05 17:26:31.471] [exthost] [info] ExtensionService#loadCommonJSModule file:///usr/share/code/resources/app/extensions/github/dist/extension.js
[2020-11-05 17:26:32.081] [exthost] [info] ExtensionService#_doActivateExtension vscode.github-authentication {"startup":false,"extensionId":{"value":"vscode.github-authentication","_lower":"vscode.github-authentication"},"activationEvent":"onAuthenticationRequest:github"}
[2020-11-05 17:26:32.081] [exthost] [info] ExtensionService#loadCommonJSModule file:///usr/share/code/resources/app/extensions/github-authentication/dist/extension.js
[2020-11-05 17:26:32.112] [exthost] [info] eager extensions activated
[2020-11-05 17:26:39.303] [exthost] [info] ExtensionService#_doActivateExtension SonarSource.sonarlint-vscode {"startup":false,"extensionId":{"value":"SonarSource.sonarlint-vscode","_lower":"sonarsource.sonarlint-vscode"},"activationEvent":"onLanguage:java"}
[2020-11-05 17:26:39.303] [exthost] [info] ExtensionService#loadCommonJSModule file:///home/samirsouza/.vscode/extensions/sonarsource.sonarlint-vscode-1.18.0/dist/extension
[2020-11-05 18:34:35.430] [exthost] [error] {"message":"Git error","stdout":"","stderr":"fatal: Pathspec '/opt/tomcat/webapps/JSPLearning/dwj/codes' is in submodule 'dwj'\n","exitCode":128,"gitErrorCode":"IsInSubmodule"}
[2020-11-05 18:34:35.430] [exthost] [error] {"message":"Git error","stdout":"","stderr":"fatal: Pathspec '/opt/tomcat/webapps/JSPLearning/dwj/codes' is in submodule 'dwj'\n","exitCode":128,"gitErrorCode":"IsInSubmodule"}
[2020-11-05 18:34:35.430] [exthost] [error] {"message":"Git error","stdout":"","stderr":"fatal: Pathspec '/opt/tomcat/webapps/JSPLearning/dwj/codes' is in submodule 'dwj'\n","exitCode":128,"gitErrorCode":"IsInSubmodule"}
[2020-11-05 18:34:35.430] [exthost] [error] {"message":"Git error","stdout":"","stderr":"fatal: Pathspec '/opt/tomcat/webapps/JSPLearning/dwj/codes' is in submodule 'dwj'\n","exitCode":128,"gitErrorCode":"IsInSubmodule"}
[2020-11-05 18:34:35.430] [exthost] [error] {"message":"Git error","stdout":"","stderr":"fatal: Pathspec '/opt/tomcat/webapps/JSPLearning/dwj/codes' is in submodule 'dwj'\n","exitCode":128,"gitErrorCode":"IsInSubmodule"}
[2020-11-05 18:34:35.430] [exthost] [error] {"message":"Git error","stdout":"","stderr":"fatal: Pathspec '/opt/tomcat/webapps/JSPLearning/dwj/codes' is in submodule 'dwj'\n","exitCode":128,"gitErrorCode":"IsInSubmodule"}
[2020-11-05 18:34:35.430] [exthost] [error] {"message":"Git error","stdout":"","stderr":"fatal: Pathspec '/opt/tomcat/webapps/JSPLearning/dwj/codes' is in submodule 'dwj'\n","exitCode":128,"gitErrorCode":"IsInSubmodule"}
[2020-11-05 18:34:35.430] [exthost] [error] {"message":"Git error","stdout":"","stderr":"fatal: Pathspec '/opt/tomcat/webapps/JSPLearning/dwj/codes' is in submodule 'dwj'\n","exitCode":128,"gitErrorCode":"IsInSubmodule"}
[2020-11-05 18:34:35.430] [exthost] [error] {"message":"Git error","stdout":"","stderr":"fatal: Pathspec '/opt/tomcat/webapps/JSPLearning/dwj/codes' is in submodule 'dwj'\n","exitCode":128,"gitErrorCode":"IsInSubmodule"}
[2020-11-05 18:34:35.430] [exthost] [error] {"message":"Git error","stdout":"","stderr":"fatal: Pathspec '/opt/tomcat/webapps/JSPLearning/dwj/codes' is in submodule 'dwj'\n","exitCode":128,"gitErrorCode":"IsInSubmodule"}
[2020-11-05 18:34:35.430] [exthost] [error] {"message":"Git error","stdout":"","stderr":"fatal: Pathspec '/opt/tomcat/webapps/JSPLearning/dwj/codes' is in submodule 'dwj'\n","exitCode":128,"gitErrorCode":"IsInSubmodule"}
[2020-11-05 18:34:35.430] [exthost] [error] {"message":"Git error","stdout":"","stderr":"fatal: Pathspec '/opt/tomcat/webapps/JSPLearning/dwj/codes' is in submodule 'dwj'\n","exitCode":128,"gitErrorCode":"IsInSubmodule"}
[2020-11-05 18:34:35.430] [exthost] [error] {"message":"Git error","stdout":"","stderr":"fatal: Pathspec '/opt/tomcat/webapps/JSPLearning/dwj/codes' is in submodule 'dwj'\n","exitCode":128,"gitErrorCode":"IsInSubmodule"}
[2020-11-05 18:34:35.430] [exthost] [error] {"message":"Git error","stdout":"","stderr":"fatal: Pathspec '/opt/tomcat/webapps/JSPLearning/dwj/codes' is in submodule 'dwj'\n","exitCode":128,"gitErrorCode":"IsInSubmodule"}
[2020-11-05 18:34:35.430] [exthost] [error] {"message":"Git error","stdout":"","stderr":"fatal: Pathspec '/opt/tomcat/webapps/JSPLearning/dwj/codes' is in submodule 'dwj'\n","exitCode":128,"gitErrorCode":"IsInSubmodule"}
[2020-11-05 18:34:35.430] [exthost] [error] {"message":"Git error","stdout":"","stderr":"fatal: Pathspec '/opt/tomcat/webapps/JSPLearning/dwj/codes' is in submodule 'dwj'\n","exitCode":128,"gitErrorCode":"IsInSubmodule"}
[2020-11-05 18:34:35.430] [exthost] [error] {"message":"Git error","stdout":"","stderr":"fatal: Pathspec '/opt/tomcat/webapps/JSPLearning/dwj/codes' is in submodule 'dwj'\n","exitCode":128,"gitErrorCode":"IsInSubmodule"}
[2020-11-05 18:34:35.430] [exthost] [error] {"message":"Git error","stdout":"","stderr":"fatal: Pathspec '/opt/tomcat/webapps/JSPLearning/dwj/codes' is in submodule 'dwj'\n","exitCode":128,"gitErrorCode":"IsInSubmodule"}
[2020-11-05 18:34:35.430] [exthost] [error] {"message":"Git error","stdout":"","stderr":"fatal: Pathspec '/opt/tomcat/webapps/JSPLearning/dwj/codes' is in submodule 'dwj'\n","exitCode":128,"gitErrorCode":"IsInSubmodule"}
[2020-11-05 18:34:35.430] [exthost] [error] {"message":"Git error","stdout":"","stderr":"fatal: Pathspec '/opt/tomcat/webapps/JSPLearning/dwj/codes' is in submodule 'dwj'\n","exitCode":128,"gitErrorCode":"IsInSubmodule"}
[2020-11-05 18:34:35.430] [exthost] [error] {"message":"Git error","stdout":"","stderr":"fatal: Pathspec '/opt/tomcat/webapps/JSPLearning/dwj/codes' is in submodule 'dwj'\n","exitCode":128,"gitErrorCode":"IsInSubmodule"}
[2020-11-05 18:34:35.430] [exthost] [error] {"message":"Git error","stdout":"","stderr":"fatal: Pathspec '/opt/tomcat/webapps/JSPLearning/dwj/codes' is in submodule 'dwj'\n","exitCode":128,"gitErrorCode":"IsInSubmodule"}
[2020-11-05 18:34:35.430] [exthost] [error] {"message":"Git error","stdout":"","stderr":"fatal: Pathspec '/opt/tomcat/webapps/JSPLearning/dwj/codes' is in submodule 'dwj'\n","exitCode":128,"gitErrorCode":"IsInSubmodule"}
[2020-11-05 18:34:35.430] [exthost] [error] {"message":"Git error","stdout":"","stderr":"fatal: Pathspec '/opt/tomcat/webapps/JSPLearning/dwj/codes' is in submodule 'dwj'\n","exitCode":128,"gitErrorCode":"IsInSubmodule"}
